           <...>-714399  [002] d.s11 114869.574842: bpf_trace_printk: [xdp] 48612 -> 7077 | 114860820899322 ns

           <...>-714399  [002] d.s11 114869.574999: bpf_trace_printk: [xdp] 7077 -> 48612 | 114860821059623 ns

           <...>-714399  [002] d.s11 114869.575111: bpf_trace_printk: [xdp] 48612 -> 7077 | 114860821171723 ns

           <...>-714399  [002] d.s11 114869.575152: bpf_trace_printk: [xdp] 7077 -> 48612 | 114860821213723 ns

           <...>-714422  [003] d.s11 114872.260368: bpf_trace_printk: [xdp] 48620 -> 7077 | 114863506434960 ns

           <...>-714422  [003] d.s11 114872.260447: bpf_trace_printk: [xdp] 7077 -> 48620 | 114863506517860 ns

           <...>-714422  [003] d.s11 114872.260553: bpf_trace_printk: [xdp] 48620 -> 7077 | 114863506623261 ns

           <...>-714422  [003] d.s11 114872.260588: bpf_trace_printk: [xdp] 7077 -> 48620 | 114863506658261 ns

           <...>-714399  [002] d.s11 114884.575155: bpf_trace_printk: [xdp] 48612 -> 7077 | 114875821255581 ns

           <...>-714399  [002] d.s11 114884.575208: bpf_trace_printk: [xdp] 7077 -> 48612 | 114875821311282 ns

           <...>-714399  [002] d.s11 114884.575274: bpf_trace_printk: [xdp] 48612 -> 7077 | 114875821376882 ns

           <...>-714399  [002] d.s11 114884.575295: bpf_trace_printk: [xdp] 7077 -> 48612 | 114875821397882 ns

           <...>-714422  [003] d.s11 114887.259345: bpf_trace_printk: [xdp] 48620 -> 7077 | 114878505449327 ns

           <...>-714422  [003] d.s11 114887.259404: bpf_trace_printk: [xdp] 7077 -> 48620 | 114878505512827 ns

           <...>-714422  [003] d.s11 114887.259486: bpf_trace_printk: [xdp] 48620 -> 7077 | 114878505594427 ns

           <...>-714422  [003] d.s11 114887.259509: bpf_trace_printk: [xdp] 7077 -> 48620 | 114878505617827 ns

           <...>-714399  [002] d.s11 114899.575596: bpf_trace_printk: [xdp] 48612 -> 7077 | 114890821707872 ns

           <...>-714399  [002] d.s11 114899.575692: bpf_trace_printk: [xdp] 7077 -> 48612 | 114890821815672 ns

           <...>-714399  [002] d.s11 114899.575812: bpf_trace_printk: [xdp] 48612 -> 7077 | 114890821931772 ns

           <...>-714399  [002] d.s11 114899.575854: bpf_trace_printk: [xdp] 7077 -> 48612 | 114890821979572 ns

           <...>-714422  [003] d.s11 114902.259420: bpf_trace_printk: [xdp] 48620 -> 7077 | 114893505551122 ns

           <...>-714422  [003] d.s11 114902.259495: bpf_trace_printk: [xdp] 7077 -> 48620 | 114893505629823 ns

           <...>-714422  [003] d.s11 114902.259569: bpf_trace_printk: [xdp] 48620 -> 7077 | 114893505703023 ns

           <...>-714422  [003] d.s11 114902.259592: bpf_trace_printk: [xdp] 7077 -> 48620 | 114893505726123 ns

           <...>-714399  [001] d.s11 114914.575082: bpf_trace_printk: [xdp] 48612 -> 7077 | 114905821226092 ns

           <...>-714399  [001] d.s11 114914.575143: bpf_trace_printk: [xdp] 7077 -> 48612 | 114905821290692 ns

           <...>-714399  [001] d.s11 114914.575224: bpf_trace_printk: [xdp] 48612 -> 7077 | 114905821371492 ns

           <...>-714399  [001] d.s11 114914.575252: bpf_trace_printk: [xdp] 7077 -> 48612 | 114905821399593 ns

           <...>-714422  [000] d.s11 114917.260863: bpf_trace_printk: [xdp] 48620 -> 7077 | 114908506999929 ns

           <...>-714422  [000] d.s11 114917.261007: bpf_trace_printk: [xdp] 7077 -> 48620 | 114908507147929 ns

           <...>-714422  [000] d.s11 114917.261344: bpf_trace_printk: [xdp] 48620 -> 7077 | 114908507484830 ns

           <...>-714422  [000] d.s11 114917.261404: bpf_trace_printk: [xdp] 7077 -> 48620 | 114908507545630 ns

           <...>-714399  [002] d.s11 114929.575351: bpf_trace_printk: [xdp] 48612 -> 7077 | 114920821497100 ns

           <...>-714399  [002] d.s11 114929.575458: bpf_trace_printk: [xdp] 7077 -> 48612 | 114920821609500 ns

           <...>-714399  [002] d.s11 114929.575602: bpf_trace_printk: [xdp] 48612 -> 7077 | 114920821753000 ns

           <...>-714399  [002] d.s11 114929.575655: bpf_trace_printk: [xdp] 7077 -> 48612 | 114920821806500 ns

           <...>-714422  [000] d.s11 114932.259958: bpf_trace_printk: [xdp] 48620 -> 7077 | 114923506111502 ns

           <...>-714422  [000] d.s11 114932.260051: bpf_trace_printk: [xdp] 7077 -> 48620 | 114923506207703 ns

           <...>-714422  [000] d.s11 114932.260165: bpf_trace_printk: [xdp] 48620 -> 7077 | 114923506322003 ns

           <...>-714422  [000] d.s11 114932.260208: bpf_trace_printk: [xdp] 7077 -> 48620 | 114923506365102 ns

           <...>-714399  [002] d.s11 114944.574876: bpf_trace_printk: [xdp] 48612 -> 7077 | 114935821031137 ns

           <...>-714399  [002] d.s11 114944.574966: bpf_trace_printk: [xdp] 7077 -> 48612 | 114935821126337 ns

           <...>-714399  [002] d.s11 114944.575094: bpf_trace_printk: [xdp] 48612 -> 7077 | 114935821253737 ns

           <...>-714399  [002] d.s11 114944.575147: bpf_trace_printk: [xdp] 7077 -> 48612 | 114935821295137 ns

           <...>-714422  [000] d.s11 114947.260117: bpf_trace_printk: [xdp] 48620 -> 7077 | 114938506260782 ns

           <...>-714422  [000] d.s11 114947.260217: bpf_trace_printk: [xdp] 7077 -> 48620 | 114938506376182 ns

           <...>-714422  [000] d.s11 114947.260382: bpf_trace_printk: [xdp] 48620 -> 7077 | 114938506541482 ns

           <...>-714422  [000] d.s11 114947.260424: bpf_trace_printk: [xdp] 7077 -> 48620 | 114938506583382 ns

           <...>-714399  [002] d.s11 114959.573982: bpf_trace_printk: [xdp] 48612 -> 7077 | 114950820142324 ns

           <...>-714399  [002] d.s11 114959.574076: bpf_trace_printk: [xdp] 7077 -> 48612 | 114950820239824 ns

           <...>-714399  [002] d.s11 114959.574162: bpf_trace_printk: [xdp] 48612 -> 7077 | 114950820325123 ns

           <...>-714399  [002] d.s11 114959.574181: bpf_trace_printk: [xdp] 7077 -> 48612 | 114950820345123 ns

           <...>-714422  [000] d.s11 114962.259892: bpf_trace_printk: [xdp] 48620 -> 7077 | 114953506042486 ns

           <...>-714422  [000] d.s11 114962.260018: bpf_trace_printk: [xdp] 7077 -> 48620 | 114953506172686 ns

           <...>-714422  [000] d.s11 114962.260196: bpf_trace_printk: [xdp] 48620 -> 7077 | 114953506348786 ns

           <...>-714422  [000] d.s11 114962.260253: bpf_trace_printk: [xdp] 7077 -> 48620 | 114953506396786 ns

           <...>-714399  [002] d.s11 114974.576015: bpf_trace_printk: [xdp] 48612 -> 7077 | 114965822155145 ns

           <...>-714399  [002] d.s11 114974.576163: bpf_trace_printk: [xdp] 7077 -> 48612 | 114965822274445 ns

           <...>-714399  [002] d.s11 114974.576291: bpf_trace_printk: [xdp] 48612 -> 7077 | 114965822439345 ns

           <...>-714399  [002] d.s11 114974.576331: bpf_trace_printk: [xdp] 7077 -> 48612 | 114965822479445 ns

           <...>-714422  [000] d.s11 114977.259944: bpf_trace_printk: [xdp] 48620 -> 7077 | 114968506089989 ns

           <...>-714422  [000] d.s11 114977.260026: bpf_trace_printk: [xdp] 7077 -> 48620 | 114968506176689 ns

           <...>-714422  [000] d.s11 114977.260204: bpf_trace_printk: [xdp] 48620 -> 7077 | 114968506352689 ns

           <...>-714422  [000] d.s11 114977.260231: bpf_trace_printk: [xdp] 7077 -> 48620 | 114968506382989 ns

           <...>-714399  [002] d.s11 114989.575354: bpf_trace_printk: [xdp] 48612 -> 7077 | 114980821482972 ns

           <...>-714399  [002] d.s11 114989.575445: bpf_trace_printk: [xdp] 7077 -> 48612 | 114980821578471 ns

           <...>-714399  [002] d.s11 114989.575555: bpf_trace_printk: [xdp] 48612 -> 7077 | 114980821688271 ns

           <...>-714399  [002] d.s11 114989.575595: bpf_trace_printk: [xdp] 7077 -> 48612 | 114980821728671 ns

           <...>-714422  [000] d.s11 114992.259938: bpf_trace_printk: [xdp] 48620 -> 7077 | 114983506064462 ns

           <...>-714422  [000] d.s11 114992.260038: bpf_trace_printk: [xdp] 7077 -> 48620 | 114983506164562 ns

           <...>-714422  [000] d.s11 114992.260188: bpf_trace_printk: [xdp] 48620 -> 7077 | 114983506310662 ns

           <...>-714422  [000] d.s11 114992.260245: bpf_trace_printk: [xdp] 7077 -> 48620 | 114983506366062 ns

           <...>-714399  [002] d.s11 115004.575598: bpf_trace_printk: [xdp] 48612 -> 7077 | 114995821703454 ns

           <...>-714399  [002] d.s11 115004.575706: bpf_trace_printk: [xdp] 7077 -> 48612 | 114995821809054 ns

           <...>-714399  [002] d.s11 115004.575864: bpf_trace_printk: [xdp] 48612 -> 7077 | 114995821967953 ns

           <...>-714399  [002] d.s11 115004.575914: bpf_trace_printk: [xdp] 7077 -> 48612 | 114995822023653 ns

           <...>-714422  [000] d.s11 115007.260639: bpf_trace_printk: [xdp] 48620 -> 7077 | 114998506736448 ns

           <...>-714422  [000] d.s11 115007.260760: bpf_trace_printk: [xdp] 7077 -> 48620 | 114998506863049 ns

           <...>-714422  [000] d.s11 115007.260909: bpf_trace_printk: [xdp] 48620 -> 7077 | 114998507012048 ns

           <...>-714422  [000] d.s11 115007.260966: bpf_trace_printk: [xdp] 7077 -> 48620 | 114998507069048 ns

           <...>-714399  [002] d.s11 115019.575604: bpf_trace_printk: [xdp] 48612 -> 7077 | 115010821685412 ns

           <...>-714399  [002] d.s11 115019.575696: bpf_trace_printk: [xdp] 7077 -> 48612 | 115010821781712 ns

           <...>-714399  [002] d.s11 115019.575829: bpf_trace_printk: [xdp] 48612 -> 7077 | 115010821914612 ns

           <...>-714399  [002] d.s11 115019.575886: bpf_trace_printk: [xdp] 7077 -> 48612 | 115010821971711 ns

           <...>-714422  [000] d.s11 115022.260114: bpf_trace_printk: [xdp] 48620 -> 7077 | 115013506181374 ns

           <...>-714422  [000] d.s11 115022.260200: bpf_trace_printk: [xdp] 7077 -> 48620 | 115013506279674 ns

           <...>-714422  [000] d.s11 115022.260324: bpf_trace_printk: [xdp] 48620 -> 7077 | 115013506400173 ns

           <...>-714422  [000] d.s11 115022.260376: bpf_trace_printk: [xdp] 7077 -> 48620 | 115013506456073 ns

           <...>-714399  [002] d.s11 115034.574770: bpf_trace_printk: [xdp] 48612 -> 7077 | 115025820816365 ns

           <...>-714399  [002] d.s11 115034.574881: bpf_trace_printk: [xdp] 7077 -> 48612 | 115025820932664 ns

           <...>-714399  [002] d.s11 115034.575028: bpf_trace_printk: [xdp] 48612 -> 7077 | 115025821079264 ns

           <...>-714399  [002] d.s11 115034.575077: bpf_trace_printk: [xdp] 7077 -> 48612 | 115025821129264 ns

           <...>-714422  [000] d.s11 115037.259662: bpf_trace_printk: [xdp] 48620 -> 7077 | 115028505707240 ns

           <...>-714422  [000] d.s11 115037.259750: bpf_trace_printk: [xdp] 7077 -> 48620 | 115028505792440 ns

           <...>-714422  [000] d.s11 115037.259868: bpf_trace_printk: [xdp] 48620 -> 7077 | 115028505916840 ns

           <...>-714422  [000] d.s11 115037.259907: bpf_trace_printk: [xdp] 7077 -> 48620 | 115028505956540 ns

           <...>-714399  [002] d.s11 115049.575108: bpf_trace_printk: [xdp] 48612 -> 7077 | 115040821122898 ns

           <...>-714399  [002] d.s11 115049.575198: bpf_trace_printk: [xdp] 7077 -> 48612 | 115040821217497 ns

           <...>-714399  [002] d.s11 115049.575300: bpf_trace_printk: [xdp] 48612 -> 7077 | 115040821318697 ns

           <...>-714399  [002] d.s11 115049.575338: bpf_trace_printk: [xdp] 7077 -> 48612 | 115040821356797 ns

           <...>-714422  [000] d.s11 115052.260621: bpf_trace_printk: [xdp] 48620 -> 7077 | 115043506624241 ns

           <...>-714422  [000] d.s11 115052.260727: bpf_trace_printk: [xdp] 7077 -> 48620 | 115043506734741 ns

           <...>-714422  [000] d.s11 115052.260884: bpf_trace_printk: [xdp] 48620 -> 7077 | 115043506881640 ns

           <...>-714422  [000] d.s11 115052.260936: bpf_trace_printk: [xdp] 7077 -> 48620 | 115043506943940 ns

           <...>-714399  [001] d.s11 115071.540378: bpf_trace_printk: [xdp] 48612 -> 7077 | 115062786318140 ns

           <...>-714399  [001] dNs11 115071.540523: bpf_trace_printk: [xdp] 7077 -> 48612 | 115062786475139 ns

           <...>-714422  [001] d.s11 115071.543808: bpf_trace_printk: [xdp] 48620 -> 7077 | 115062789754430 ns

           <...>-714422  [001] dNs11 115071.543945: bpf_trace_printk: [xdp] 7077 -> 48620 | 115062789892530 ns

           <...>-783317  [003] d...1 115090.979484: bpf_trace_printk: [udp_recvmsg] 58927 -> 53 | 115082225377026 ns

           <...>-783411  [000] d.s11 115096.002316: bpf_trace_printk: [xdp] 53710 -> 7070 | 115087248193055 ns

           <...>-783411  [000] d.s11 115096.002397: bpf_trace_printk: [xdp] 7070 -> 53710 | 115087248277855 ns

           <...>-714422  [000] d.s11 115117.644343: bpf_trace_printk: [xdp] 48620 -> 7077 | 115108890145958 ns

           <...>-714422  [000] d.s11 115117.644397: bpf_trace_printk: [xdp] 7077 -> 48620 | 115108890203558 ns

           <...>-714422  [000] d.s11 115117.644475: bpf_trace_printk: [xdp] 48620 -> 7077 | 115108890280958 ns

           <...>-714422  [000] d.s11 115117.644499: bpf_trace_printk: [xdp] 7077 -> 48620 | 115108890305557 ns

           <...>-783556  [003] d.s11 115119.440050: bpf_trace_printk: [xdp] 22 -> 59968 | 115110685846335 ns

           <...>-783556  [003] d.s11 115119.440108: bpf_trace_printk: [xdp] 59968 -> 22 | 115110685907134 ns

           <...>-783557  [002] d.s11 115119.445359: bpf_trace_printk: [xdp] 22 -> 59968 | 115110691151916 ns

           <...>-783557  [002] d.s11 115119.453811: bpf_trace_printk: [xdp] 22 -> 59968 | 115110699609687 ns

           <...>-783557  [002] d.s11 115119.499072: bpf_trace_printk: [xdp] 22 -> 59968 | 115110744870728 ns

           <...>-783557  [002] d.s11 115119.505987: bpf_trace_printk: [xdp] 22 -> 59968 | 115110751785504 ns

           <...>-783557  [002] d.s11 115119.509826: bpf_trace_printk: [xdp] 22 -> 59968 | 115110755625490 ns

           <...>-783557  [000] d.s11 115119.523464: bpf_trace_printk: [xdp] 22 -> 59968 | 115110769262342 ns

            sshd-783639  [000] d.s11 115120.303139: bpf_trace_printk: [xdp] 22 -> 59968 | 115111548932308 ns

          <idle>-0       [000] d.s.1 115120.350392: bpf_trace_printk: [xdp] 59968 -> 22 | 115111596184542 ns

          <idle>-0       [000] d.s.1 115120.350439: bpf_trace_printk: [xdp] 22 -> 59968 | 115111596234942 ns

          <idle>-0       [000] d.s.1 115120.350501: bpf_trace_printk: [xdp] 59968 -> 22 | 115111596295442 ns

            sshd-783639  [000] d.s11 115120.352790: bpf_trace_printk: [xdp] 22 -> 59968 | 115111598584034 ns

     ksoftirqd/0-13      [000] d.s.1 115120.394647: bpf_trace_printk: [xdp] 59968 -> 22 | 115111640441687 ns

            sshd-783639  [000] d.s11 115120.455296: bpf_trace_printk: [xdp] 22 -> 59968 | 115111701088374 ns

            sshd-783639  [000] d.s11 115120.455358: bpf_trace_printk: [xdp] 59968 -> 22 | 115111701150874 ns

            sshd-783639  [000] d.s11 115120.596174: bpf_trace_printk: [xdp] 22 -> 59968 | 115111841961477 ns

            sshd-783639  [000] d.s11 115120.596271: bpf_trace_printk: [xdp] 59968 -> 22 | 115111842060177 ns

            sshd-783639  [000] d.s11 115120.608848: bpf_trace_printk: [xdp] 22 -> 59968 | 115111854640433 ns

            sshd-783639  [000] d.s11 115120.608927: bpf_trace_printk: [xdp] 59968 -> 22 | 115111854720633 ns

            sshd-783639  [000] d.s11 115120.609616: bpf_trace_printk: [xdp] 22 -> 59968 | 115111855409330 ns

           <...>-783556  [003] d.s11 115120.632315: bpf_trace_printk: [xdp] 22 -> 59968 | 115111878099050 ns

           <...>-783556  [003] d.s11 115120.632395: bpf_trace_printk: [xdp] 59968 -> 22 | 115111878182850 ns

     WorkerUI-22-714392  [003] d.s11 115121.136492: bpf_trace_printk: [xdp] 48612 -> 7077 | 115112382244674 ns

     ksoftirqd/3-34      [003] d.s.1 115121.179613: bpf_trace_printk: [xdp] 7077 -> 48612 | 115112425402121 ns

 check-new-relea-783677  [002] d...1 115122.794373: bpf_trace_printk: [udp_recvmsg] 57488 -> 53 | 115114040156006 ns

 check-new-relea-783677  [002] d...1 115122.899579: bpf_trace_printk: [udp_recvmsg] 57488 -> 53 | 115114145361933 ns

CPU:1 [LOST 67 EVENTS]
 systemd-resolve-175269  [001] d...1 115127.959309: bpf_trace_printk: [udp_recvmsg] 53 -> 0 | 115119205044765 ns

 systemd-resolve-175269  [001] d...1 115127.959370: bpf_trace_printk: [udp_recvmsg] 53 -> 0 | 115119205125265 ns

 systemd-resolve-175269  [001] d...1 115128.006810: bpf_trace_printk: [udp_recvmsg] 48146 -> 53 | 115119252570493 ns

 systemd-resolve-175269  [001] d...1 115128.006848: bpf_trace_printk: [udp_recvmsg] 48146 -> 53 | 115119252611993 ns

 check-new-relea-783801  [002] d...1 115128.007286: bpf_trace_printk: [udp_recvmsg] 55208 -> 53 | 115119253038292 ns

 systemd-resolve-175269  [001] d...1 115128.011886: bpf_trace_printk: [udp_recvmsg] 59651 -> 53 | 115119257643775 ns

 systemd-resolve-175269  [001] d...1 115128.011924: bpf_trace_printk: [udp_recvmsg] 59651 -> 53 | 115119257688074 ns

 check-new-relea-783801  [002] d...1 115128.012341: bpf_trace_printk: [udp_recvmsg] 55208 -> 53 | 115119258095073 ns

 systemd-resolve-175269  [001] d...1 115140.508813: bpf_trace_printk: [udp_recvmsg] 51549 -> 53 | 115131754517186 ns

 systemd-resolve-175269  [001] d...1 115140.508868: bpf_trace_printk: [udp_recvmsg] 51549 -> 53 | 115131754576985 ns

 systemd-resolve-175269  [001] d...1 115148.209069: bpf_trace_printk: [udp_recvmsg] 53 -> 0 | 115139454745130 ns

 systemd-resolve-175269  [001] d...1 115148.209116: bpf_trace_printk: [udp_recvmsg] 53 -> 0 | 115139454797230 ns

 systemd-resolve-175269  [001] d...1 115148.251435: bpf_trace_printk: [udp_recvmsg] 32778 -> 53 | 115139497094864 ns

 systemd-resolve-175269  [001] d...1 115148.251527: bpf_trace_printk: [udp_recvmsg] 32778 -> 53 | 115139497192363 ns

 systemd-resolve-175269  [001] d...1 115148.286124: bpf_trace_printk: [udp_recvmsg] 32778 -> 53 | 115139531798129 ns

 systemd-resolve-175269  [001] d...1 115148.286172: bpf_trace_printk: [udp_recvmsg] 32778 -> 53 | 115139531850628 ns

            java-784055  [000] d...1 115148.287464: bpf_trace_printk: [udp_recvmsg] 59684 -> 53 | 115139533122223 ns

 systemd-resolve-175269  [001] d...1 115151.285648: bpf_trace_printk: [udp_recvmsg] 53 -> 0 | 115142531301613 ns

 systemd-resolve-175269  [001] d...1 115151.285725: bpf_trace_printk: [udp_recvmsg] 53 -> 0 | 115142531382912 ns

 systemd-resolve-175269  [001] d...1 115151.286511: bpf_trace_printk: [udp_recvmsg] 53 -> 0 | 115142532168609 ns

 systemd-resolve-175269  [001] d...1 115151.286591: bpf_trace_printk: [udp_recvmsg] 53 -> 0 | 115142532250609 ns

 systemd-resolve-175269  [001] d...1 115151.329196: bpf_trace_printk: [udp_recvmsg] 58881 -> 53 | 115142574849040 ns

 systemd-resolve-175269  [001] d...1 115151.329270: bpf_trace_printk: [udp_recvmsg] 58881 -> 53 | 115142574923640 ns

            code-178642  [000] d...1 115151.334793: bpf_trace_printk: [udp_recvmsg] 42733 -> 53 | 115142580450119 ns

 systemd-resolve-175269  [001] d...1 115151.334986: bpf_trace_printk: [udp_recvmsg] 48151 -> 53 | 115142580643518 ns

 systemd-resolve-175269  [001] d...1 115151.335055: bpf_trace_printk: [udp_recvmsg] 48151 -> 53 | 115142580714918 ns

 systemd-resolve-175269  [001] d...1 115151.379443: bpf_trace_printk: [udp_recvmsg] 55869 -> 53 | 115142625107241 ns

 systemd-resolve-175269  [001] d...1 115151.379494: bpf_trace_printk: [udp_recvmsg] 55869 -> 53 | 115142625161341 ns

            code-178642  [000] d...1 115151.380125: bpf_trace_printk: [udp_recvmsg] 42733 -> 53 | 115142625782739 ns

  rpc-client-1-1-784149  [001] d.s11 115157.292295: bpf_trace_printk: [xdp] 40992 -> 7070 | 115148537929689 ns

  rpc-client-1-1-784149  [001] d.s11 115157.292359: bpf_trace_printk: [xdp] 7070 -> 40992 | 115148537996789 ns

             ssh-784344  [001] d.s11 115169.753060: bpf_trace_printk: [xdp] 56650 -> 22 | 115160998640936 ns

             ssh-784344  [001] d.s11 115169.753168: bpf_trace_printk: [xdp] 22 -> 56650 | 115160998752335 ns

             ssh-784344  [001] d.s11 115169.753231: bpf_trace_printk: [xdp] 56650 -> 22 | 115160998815735 ns

             ssh-784344  [001] d.s11 115169.755893: bpf_trace_printk: [xdp] 56650 -> 22 | 115161001473624 ns

             ssh-784344  [001] d.s11 115169.755952: bpf_trace_printk: [xdp] 22 -> 56650 | 115161001535923 ns

            sshd-784346  [002] d.s11 115169.783865: bpf_trace_printk: [xdp] 22 -> 56650 | 115161029444606 ns

            sshd-784346  [002] d.s11 115169.783976: bpf_trace_printk: [xdp] 56650 -> 22 | 115161029558806 ns

             ssh-784344  [001] d.s11 115169.786561: bpf_trace_printk: [xdp] 56650 -> 22 | 115161032140795 ns

            sshd-784347  [000] d.s11 115169.791333: bpf_trace_printk: [xdp] 22 -> 56650 | 115161036911575 ns

             ssh-784344  [001] d.s11 115169.796679: bpf_trace_printk: [xdp] 56650 -> 22 | 115161042259553 ns

            sshd-784347  [000] d.s11 115169.808886: bpf_trace_printk: [xdp] 22 -> 56650 | 115161054463202 ns

             ssh-784344  [001] d.s11 115169.814173: bpf_trace_printk: [xdp] 56650 -> 22 | 115161059753079 ns

 C2 CompilerThre-784289  [001] d.s.1 115169.855761: bpf_trace_printk: [xdp] 22 -> 56650 | 115161101341204 ns

 C2 CompilerThre-784289  [001] d.s.1 115169.855842: bpf_trace_printk: [xdp] 56650 -> 22 | 115161101425804 ns

 C2 CompilerThre-784289  [001] d.s.1 115169.855926: bpf_trace_printk: [xdp] 22 -> 56650 | 115161101507003 ns

            sshd-784347  [000] d.s11 115169.856283: bpf_trace_printk: [xdp] 22 -> 56650 | 115161101865402 ns

             ssh-784344  [001] d.s11 115169.856675: bpf_trace_printk: [xdp] 56650 -> 22 | 115161102259000 ns

            sshd-784347  [000] d.s11 115169.863563: bpf_trace_printk: [xdp] 22 -> 56650 | 115161109149471 ns

             ssh-784344  [001] d.s11 115169.863948: bpf_trace_printk: [xdp] 56650 -> 22 | 115161109524070 ns

            sshd-784347  [000] d.s11 115169.875059: bpf_trace_printk: [xdp] 22 -> 56650 | 115161120641523 ns

             ssh-784344  [001] d.s11 115169.883830: bpf_trace_printk: [xdp] 56650 -> 22 | 115161129416086 ns

            sshd-784347  [000] d.s11 115169.892732: bpf_trace_printk: [xdp] 22 -> 56650 | 115161138316449 ns

             ssh-784344  [001] d.s11 115169.905959: bpf_trace_printk: [xdp] 56650 -> 22 | 115161151536893 ns

  NetworkManager-359380  [001] d.s.1 115169.947136: bpf_trace_printk: [xdp] 22 -> 56650 | 115161192713220 ns

            sshd-784401  [001] d.s11 115170.725345: bpf_trace_printk: [xdp] 22 -> 56650 | 115161970919645 ns

          <idle>-0       [001] d.s.1 115170.767296: bpf_trace_printk: [xdp] 56650 -> 22 | 115162012863369 ns

          <idle>-0       [001] d.s.1 115170.767442: bpf_trace_printk: [xdp] 22 -> 56650 | 115162013008868 ns

          <idle>-0       [001] dNs.1 115170.767581: bpf_trace_printk: [xdp] 56650 -> 22 | 115162013153667 ns

             ssh-784344  [001] d.s11 115170.768291: bpf_trace_printk: [xdp] 56650 -> 22 | 115162013862564 ns

             ssh-784344  [001] dNs11 115170.768410: bpf_trace_printk: [xdp] 22 -> 56650 | 115162013983764 ns

            sshd-784401  [001] d.s11 115170.770856: bpf_trace_printk: [xdp] 22 -> 56650 | 115162016425253 ns

            bash-784403  [001] d.s.1 115170.814759: bpf_trace_printk: [xdp] 56650 -> 22 | 115162060330868 ns

            sshd-784401  [001] d.s11 115170.982728: bpf_trace_printk: [xdp] 22 -> 56650 | 115162228306560 ns

            sshd-784401  [001] d.s11 115170.983149: bpf_trace_printk: [xdp] 56650 -> 22 | 115162228720059 ns

 systemd-resolve-175269  [001] d...1 115171.111570: bpf_trace_printk: [udp_recvmsg] 53 -> 0 | 115162357130016 ns

 systemd-resolve-175269  [001] d...1 115171.111645: bpf_trace_printk: [udp_recvmsg] 53 -> 0 | 115162357218416 ns

 systemd-resolve-175269  [001] d...1 115171.147563: bpf_trace_printk: [udp_recvmsg] 57591 -> 53 | 115162393133365 ns

 systemd-resolve-175269  [001] d...1 115171.147622: bpf_trace_printk: [udp_recvmsg] 57591 -> 53 | 115162393195165 ns

 systemd-resolve-175269  [001] d...1 115171.178310: bpf_trace_printk: [udp_recvmsg] 57591 -> 53 | 115162423880336 ns

 systemd-resolve-175269  [001] d...1 115171.178368: bpf_trace_printk: [udp_recvmsg] 57591 -> 53 | 115162423943136 ns

            java-784279  [003] d...1 115171.180015: bpf_trace_printk: [udp_recvmsg] 39464 -> 53 | 115162425594929 ns

            sshd-784401  [001] d.s11 115174.630623: bpf_trace_printk: [xdp] 22 -> 56650 | 115165876184296 ns

            sshd-784401  [001] d.s11 115174.630684: bpf_trace_printk: [xdp] 56650 -> 22 | 115165876250696 ns

             ssh-784344  [001] d.s11 115174.630944: bpf_trace_printk: [xdp] 56650 -> 22 | 115165876510195 ns

             ssh-784344  [001] d.s11 115174.631045: bpf_trace_printk: [xdp] 56650 -> 22 | 115165876611394 ns

             ssh-784344  [001] d.s11 115174.631344: bpf_trace_printk: [xdp] 56650 -> 22 | 115165876905793 ns

            sshd-784401  [002] d.s11 115174.631608: bpf_trace_printk: [xdp] 22 -> 56650 | 115165877162192 ns

            sshd-784346  [002] d.s11 115174.671710: bpf_trace_printk: [xdp] 22 -> 56650 | 115165917263721 ns

            sshd-784346  [002] d.s11 115174.671828: bpf_trace_printk: [xdp] 56650 -> 22 | 115165917385920 ns

 systemd-resolve-175269  [001] d...1 115176.199256: bpf_trace_printk: [udp_recvmsg] 53 -> 0 | 115167444812395 ns

 systemd-resolve-175269  [001] d...1 115176.199295: bpf_trace_printk: [udp_recvmsg] 53 -> 0 | 115167444855195 ns

 systemd-resolve-175269  [001] d...1 115176.254025: bpf_trace_printk: [udp_recvmsg] 59551 -> 53 | 115167499580061 ns

 systemd-resolve-175269  [001] d...1 115176.254058: bpf_trace_printk: [udp_recvmsg] 59551 -> 53 | 115167499617160 ns

 systemd-resolve-175269  [001] d...1 115176.285391: bpf_trace_printk: [udp_recvmsg] 59551 -> 53 | 115167530942328 ns

 systemd-resolve-175269  [001] d...1 115176.285420: bpf_trace_printk: [udp_recvmsg] 59551 -> 53 | 115167530980628 ns

            java-784485  [000] d...1 115176.286035: bpf_trace_printk: [udp_recvmsg] 39578 -> 53 | 115167531595125 ns

  rpc-client-1-1-784584  [003] d.s11 115180.266745: bpf_trace_printk: [xdp] 56966 -> 7077 | 115171512283480 ns

  rpc-client-1-1-784584  [003] d.s11 115180.266824: bpf_trace_printk: [xdp] 7077 -> 56966 | 115171512366079 ns

  rpc-client-1-1-784584  [003] d.s11 115180.266862: bpf_trace_printk: [xdp] 56966 -> 7077 | 115171512404579 ns

  rpc-client-1-1-784584  [000] d.s11 115180.335341: bpf_trace_printk: [xdp] 56966 -> 7077 | 115171580877383 ns

  rpc-client-1-1-784584  [000] d.s11 115180.335377: bpf_trace_printk: [xdp] 7077 -> 56966 | 115171580918183 ns

  rpc-client-1-1-784584  [000] d.s11 115180.335624: bpf_trace_printk: [xdp] 56966 -> 7077 | 115171581164882 ns

  rpc-client-1-1-784584  [000] d.s11 115180.335666: bpf_trace_printk: [xdp] 7077 -> 56966 | 115171581207281 ns

  rpc-server-4-1-784585  [002] d.s11 115180.520157: bpf_trace_printk: [xdp] 7077 -> 56966 | 115171765693882 ns

  rpc-server-4-1-784585  [002] d.s11 115180.520201: bpf_trace_printk: [xdp] 56966 -> 7077 | 115171765741282 ns

  rpc-server-4-1-784585  [002] d.s11 115180.520979: bpf_trace_printk: [xdp] 7077 -> 56966 | 115171766518378 ns

  rpc-server-4-1-784585  [002] d.s11 115180.521006: bpf_trace_printk: [xdp] 56966 -> 7077 | 115171766546978 ns

  rpc-client-1-1-784584  [000] d.s11 115180.602139: bpf_trace_printk: [xdp] 56966 -> 7077 | 115171847677126 ns

  rpc-client-1-1-784584  [000] d.s11 115180.602215: bpf_trace_printk: [xdp] 7077 -> 56966 | 115171847754426 ns

  rpc-client-1-1-784584  [000] d.s11 115180.602333: bpf_trace_printk: [xdp] 56966 -> 7077 | 115171847873725 ns

  rpc-client-1-1-784584  [000] d.s11 115180.602356: bpf_trace_printk: [xdp] 7077 -> 56966 | 115171847897225 ns

  rpc-server-4-1-784585  [003] d.s11 115180.657553: bpf_trace_printk: [xdp] 7077 -> 56966 | 115171903089586 ns

  rpc-server-4-1-784585  [003] d.s11 115180.657621: bpf_trace_printk: [xdp] 56966 -> 7077 | 115171903153585 ns

  rpc-server-4-1-784585  [003] d.s11 115180.657740: bpf_trace_printk: [xdp] 7077 -> 56966 | 115171903279685 ns

  rpc-server-4-1-784585  [003] d.s11 115180.657764: bpf_trace_printk: [xdp] 56966 -> 7077 | 115171903304285 ns

  rpc-client-1-1-784584  [003] d.s11 115180.712916: bpf_trace_printk: [xdp] 56966 -> 7077 | 115171958451745 ns

  rpc-client-1-1-784584  [003] dNs11 115180.712969: bpf_trace_printk: [xdp] 7077 -> 56966 | 115171958509245 ns

  rpc-client-1-1-784584  [001] d.s11 115180.714184: bpf_trace_printk: [xdp] 56966 -> 7077 | 115171959722840 ns

  rpc-client-1-1-784584  [001] d.s11 115180.714209: bpf_trace_printk: [xdp] 7077 -> 56966 | 115171959750140 ns

  rpc-client-1-1-784584  [001] d.s11 115180.715630: bpf_trace_printk: [xdp] 56966 -> 7077 | 115171961170033 ns

  rpc-client-1-1-784584  [001] d.s11 115180.715654: bpf_trace_printk: [xdp] 7077 -> 56966 | 115171961195333 ns

  rpc-client-1-1-784584  [001] d.s11 115180.715707: bpf_trace_printk: [xdp] 56966 -> 7077 | 115171961247433 ns

  rpc-client-1-1-784584  [001] d.s11 115180.715726: bpf_trace_printk: [xdp] 7077 -> 56966 | 115171961267333 ns

  rpc-client-1-1-784584  [001] d.s11 115195.673259: bpf_trace_printk: [xdp] 56966 -> 7077 | 115186918726651 ns

  rpc-client-1-1-784584  [001] d.s11 115195.673339: bpf_trace_printk: [xdp] 7077 -> 56966 | 115186918807750 ns

  rpc-client-1-1-784584  [001] d.s11 115195.673432: bpf_trace_printk: [xdp] 56966 -> 7077 | 115186918902350 ns

  rpc-client-1-1-784584  [001] d.s11 115195.673462: bpf_trace_printk: [xdp] 7077 -> 56966 | 115186918922050 ns

  rpc-client-1-1-784584  [001] d.s11 115210.674254: bpf_trace_printk: [xdp] 56966 -> 7077 | 115201919646311 ns

  rpc-client-1-1-784584  [001] d.s11 115210.674355: bpf_trace_printk: [xdp] 7077 -> 56966 | 115201919747910 ns

  rpc-client-1-1-784584  [001] d.s11 115210.674492: bpf_trace_printk: [xdp] 56966 -> 7077 | 115201919887009 ns

  rpc-client-1-1-784584  [001] d.s11 115210.674530: bpf_trace_printk: [xdp] 7077 -> 56966 | 115201919925409 ns

  rpc-client-1-1-784584  [001] d.s11 115225.674161: bpf_trace_printk: [xdp] 56966 -> 7077 | 115216919478570 ns

  rpc-client-1-1-784584  [001] d.s11 115225.674211: bpf_trace_printk: [xdp] 7077 -> 56966 | 115216919530569 ns

  rpc-client-1-1-784584  [001] d.s11 115225.674282: bpf_trace_printk: [xdp] 56966 -> 7077 | 115216919602369 ns

  rpc-client-1-1-784584  [001] d.s11 115225.674305: bpf_trace_printk: [xdp] 7077 -> 56966 | 115216919625169 ns

  rpc-client-1-1-784584  [001] d.s11 115240.675505: bpf_trace_printk: [xdp] 56966 -> 7077 | 115231920729131 ns

  rpc-client-1-1-784584  [001] d.s11 115240.675623: bpf_trace_printk: [xdp] 7077 -> 56966 | 115231920858730 ns

  rpc-client-1-1-784584  [001] d.s11 115240.675752: bpf_trace_printk: [xdp] 56966 -> 7077 | 115231920989430 ns

  rpc-client-1-1-784584  [001] d.s11 115240.675788: bpf_trace_printk: [xdp] 7077 -> 56966 | 115231921026029 ns

  rpc-client-1-1-784584  [000] d.s11 115255.674092: bpf_trace_printk: [xdp] 56966 -> 7077 | 115246919248950 ns

  rpc-client-1-1-784584  [000] d.s11 115255.674168: bpf_trace_printk: [xdp] 7077 -> 56966 | 115246919326950 ns

  rpc-client-1-1-784584  [000] d.s11 115255.674281: bpf_trace_printk: [xdp] 56966 -> 7077 | 115246919440949 ns

  rpc-client-1-1-784584  [000] d.s11 115255.674327: bpf_trace_printk: [xdp] 7077 -> 56966 | 115246919473849 ns

            code-178618  [003] d.s11 115255.806491: bpf_trace_printk: [xdp] 52364 -> 38265 | 115247051646172 ns

            code-178618  [003] d.s11 115255.806562: bpf_trace_printk: [xdp] 38265 -> 52364 | 115247051721572 ns

            code-178618  [003] d.s11 115255.806607: bpf_trace_printk: [xdp] 52364 -> 38265 | 115247051766872 ns

            code-178618  [003] d.s11 115255.811195: bpf_trace_printk: [xdp] 52364 -> 38265 | 115247056352348 ns

            code-178618  [003] d.s11 115255.811259: bpf_trace_printk: [xdp] 38265 -> 52364 | 115247056418248 ns

            code-785193  [002] d.s11 115255.811684: bpf_trace_printk: [xdp] 38265 -> 52364 | 115247056842445 ns

            code-785193  [002] d.s11 115255.811714: bpf_trace_printk: [xdp] 52364 -> 38265 | 115247056873945 ns

            code-785193  [002] d.s11 115255.811760: bpf_trace_printk: [xdp] 38265 -> 52364 | 115247056920645 ns

            code-785193  [002] d.s11 115255.811786: bpf_trace_printk: [xdp] 52364 -> 38265 | 115247056945945 ns

            code-178618  [003] d.s11 115255.849548: bpf_trace_printk: [xdp] 52374 -> 38265 | 115247094703052 ns

            code-178618  [003] d.s11 115255.849617: bpf_trace_printk: [xdp] 38265 -> 52374 | 115247094776152 ns

            code-178618  [003] d.s11 115255.849661: bpf_trace_printk: [xdp] 52374 -> 38265 | 115247094819851 ns

            code-178618  [003] d.s11 115255.849940: bpf_trace_printk: [xdp] 52364 -> 38265 | 115247095097950 ns

            code-785193  [002] d.s11 115255.850115: bpf_trace_printk: [xdp] 38265 -> 52364 | 115247095273749 ns

            code-785193  [002] d.s11 115255.850150: bpf_trace_printk: [xdp] 52364 -> 38265 | 115247095309849 ns

            code-178618  [003] d.s11 115255.851598: bpf_trace_printk: [xdp] 52374 -> 38265 | 115247096756141 ns

            code-178618  [003] d.s11 115255.851653: bpf_trace_printk: [xdp] 38265 -> 52374 | 115247096811441 ns

            code-785193  [002] d.s11 115255.851937: bpf_trace_printk: [xdp] 38265 -> 52374 | 115247097094240 ns

            code-785193  [002] d.s11 115255.851968: bpf_trace_printk: [xdp] 52374 -> 38265 | 115247097126740 ns

            code-178618  [003] d.s11 115255.855859: bpf_trace_printk: [xdp] 52374 -> 38265 | 115247101016019 ns

          <idle>-0       [003] d.s.1 115255.899916: bpf_trace_printk: [xdp] 38265 -> 52374 | 115247145072694 ns

            code-785193  [000] d.s11 115256.310416: bpf_trace_printk: [xdp] 38265 -> 52374 | 115247555569990 ns

            code-785193  [000] d.s11 115256.313206: bpf_trace_printk: [xdp] 38265 -> 52374 | 115247558360876 ns

            code-178618  [003] d.s11 115256.313452: bpf_trace_printk: [xdp] 52374 -> 38265 | 115247558607275 ns

            code-178618  [003] d.s11 115256.313498: bpf_trace_printk: [xdp] 38265 -> 52374 | 115247558653874 ns

            code-785193  [000] d.s11 115256.322073: bpf_trace_printk: [xdp] 38265 -> 52374 | 115247567222831 ns

            code-178618  [003] d.s11 115256.326740: bpf_trace_printk: [xdp] 52374 -> 38265 | 115247571887307 ns

            code-785193  [000] d.s11 115256.326800: bpf_trace_printk: [xdp] 38265 -> 52374 | 115247571956606 ns

            code-785193  [000] d.s11 115256.326831: bpf_trace_printk: [xdp] 38265 -> 52374 | 115247571988306 ns

            code-178618  [003] d.s11 115256.328754: bpf_trace_printk: [xdp] 52374 -> 38265 | 115247573909296 ns

            code-178618  [003] d.s11 115256.328802: bpf_trace_printk: [xdp] 38265 -> 52374 | 115247573957896 ns

            code-178618  [003] d.s11 115256.332211: bpf_trace_printk: [xdp] 52374 -> 38265 | 115247577366079 ns

            code-178618  [003] d.s11 115256.332276: bpf_trace_printk: [xdp] 38265 -> 52374 | 115247577431878 ns

            code-785193  [000] d.s11 115256.348099: bpf_trace_printk: [xdp] 38265 -> 52374 | 115247593253197 ns

            code-178618  [003] d.s11 115256.350116: bpf_trace_printk: [xdp] 52374 -> 38265 | 115247595271087 ns

            code-785193  [003] d.s11 115256.351882: bpf_trace_printk: [xdp] 38265 -> 52374 | 115247597036778 ns

            code-178618  [001] d.s11 115256.352501: bpf_trace_printk: [xdp] 52374 -> 38265 | 115247597655175 ns

            code-178609  [001] d.s.1 115256.395399: bpf_trace_printk: [xdp] 38265 -> 52374 | 115247640552354 ns

            code-785193  [003] d.s11 115256.532102: bpf_trace_printk: [xdp] 38265 -> 52374 | 115247777239454 ns

            code-178618  [000] d.s11 115256.536539: bpf_trace_printk: [xdp] 52374 -> 38265 | 115247781691731 ns

            code-178618  [000] d.s11 115256.536586: bpf_trace_printk: [xdp] 38265 -> 52374 | 115247781743831 ns

            code-785193  [003] d.s11 115256.612807: bpf_trace_printk: [xdp] 38265 -> 52374 | 115247857943540 ns

            code-178618  [000] d.s11 115256.613180: bpf_trace_printk: [xdp] 52374 -> 38265 | 115247858335538 ns

            code-178618  [000] d.s11 115256.614518: bpf_trace_printk: [xdp] 52374 -> 38265 | 115247859669831 ns

            code-178618  [000] d.s11 115256.614588: bpf_trace_printk: [xdp] 38265 -> 52374 | 115247859741731 ns

            code-785193  [003] d.s11 115256.614821: bpf_trace_printk: [xdp] 38265 -> 52374 | 115247859961830 ns

            code-785193  [003] d.s11 115256.614902: bpf_trace_printk: [xdp] 38265 -> 52374 | 115247860056429 ns

            code-178618  [000] d.s11 115256.616207: bpf_trace_printk: [xdp] 52374 -> 38265 | 115247861360322 ns

            code-178618  [000] d.s11 115256.616288: bpf_trace_printk: [xdp] 38265 -> 52374 | 115247861442222 ns

  rpc-client-1-1-784584  [000] d.s11 115270.675759: bpf_trace_printk: [xdp] 56966 -> 7077 | 115261920823029 ns

  rpc-client-1-1-784584  [000] d.s11 115270.676033: bpf_trace_printk: [xdp] 7077 -> 56966 | 115261921100227 ns

  rpc-client-1-1-784584  [000] d.s11 115270.676245: bpf_trace_printk: [xdp] 56966 -> 7077 | 115261921307626 ns

  rpc-client-1-1-784584  [000] d.s11 115270.676302: bpf_trace_printk: [xdp] 7077 -> 56966 | 115261921374926 ns

  rpc-client-1-1-784584  [000] d.s11 115285.675501: bpf_trace_printk: [xdp] 56966 -> 7077 | 115276920484200 ns

  rpc-client-1-1-784584  [000] d.s11 115285.675751: bpf_trace_printk: [xdp] 7077 -> 56966 | 115276920736098 ns

  rpc-client-1-1-784584  [000] d.s11 115285.675928: bpf_trace_printk: [xdp] 56966 -> 7077 | 115276920911197 ns

  rpc-client-1-1-784584  [000] d.s11 115285.676314: bpf_trace_printk: [xdp] 7077 -> 56966 | 115276921299595 ns

  rpc-client-1-1-784584  [001] d.s11 115300.676439: bpf_trace_printk: [xdp] 56966 -> 7077 | 115291921343363 ns

  rpc-client-1-1-784584  [001] d.s11 115300.676628: bpf_trace_printk: [xdp] 7077 -> 56966 | 115291921535862 ns

  rpc-client-1-1-784584  [001] d.s11 115300.676725: bpf_trace_printk: [xdp] 56966 -> 7077 | 115291921633261 ns

  rpc-client-1-1-784584  [001] d.s11 115300.676810: bpf_trace_printk: [xdp] 7077 -> 56966 | 115291921714561 ns

 systemd-resolve-175269  [001] d...1 115314.408908: bpf_trace_printk: [udp_recvmsg] 53 -> 0 | 115305653723429 ns

 systemd-resolve-175269  [001] d...1 115314.409081: bpf_trace_printk: [udp_recvmsg] 53 -> 0 | 115305653901628 ns

 systemd-resolve-175269  [001] d...1 115314.457870: bpf_trace_printk: [udp_recvmsg] 60780 -> 53 | 115305702685355 ns

 systemd-resolve-175269  [001] d...1 115314.458036: bpf_trace_printk: [udp_recvmsg] 60780 -> 53 | 115305702856554 ns

 systemd-resolve-175269  [001] d...1 115314.508035: bpf_trace_printk: [udp_recvmsg] 60780 -> 53 | 115305752857975 ns

 systemd-resolve-175269  [001] d...1 115314.508148: bpf_trace_printk: [udp_recvmsg] 60780 -> 53 | 115305752974975 ns

           <...>-785861  [003] d...1 115314.508745: bpf_trace_printk: [udp_recvmsg] 60208 -> 53 | 115305753560071 ns

  rpc-client-1-1-784584  [001] d.s11 115315.674749: bpf_trace_printk: [xdp] 56966 -> 7077 | 115306919546842 ns

  rpc-client-1-1-784584  [001] d.s11 115315.675019: bpf_trace_printk: [xdp] 7077 -> 56966 | 115306919829740 ns

  rpc-client-1-1-784584  [001] d.s11 115315.675290: bpf_trace_printk: [xdp] 56966 -> 7077 | 115306920102339 ns

  rpc-client-1-1-784584  [001] d.s11 115315.675344: bpf_trace_printk: [xdp] 7077 -> 56966 | 115306920155738 ns

  rpc-client-1-1-785972  [000] d.s11 115321.410635: bpf_trace_printk: [xdp] 39992 -> 7070 | 115312655409086 ns

  rpc-client-1-1-785972  [000] dNs11 115321.410825: bpf_trace_printk: [xdp] 7070 -> 39992 | 115312655604385 ns

  rpc-client-1-1-784584  [001] d.s11 115330.674546: bpf_trace_printk: [xdp] 56966 -> 7077 | 115321919275909 ns

  rpc-client-1-1-784584  [001] d.s11 115330.674695: bpf_trace_printk: [xdp] 7077 -> 56966 | 115321919410208 ns

  rpc-client-1-1-784584  [001] d.s11 115330.674782: bpf_trace_printk: [xdp] 56966 -> 7077 | 115321919514108 ns

  rpc-client-1-1-784584  [001] d.s11 115330.674802: bpf_trace_printk: [xdp] 7077 -> 56966 | 115321919534808 ns

  rpc-client-1-1-784584  [001] d.s11 115345.674180: bpf_trace_printk: [xdp] 56966 -> 7077 | 115336918815364 ns

  rpc-client-1-1-784584  [001] d.s11 115345.674340: bpf_trace_printk: [xdp] 7077 -> 56966 | 115336918977663 ns

  rpc-client-1-1-784584  [001] d.s11 115345.674467: bpf_trace_printk: [xdp] 56966 -> 7077 | 115336919104663 ns

  rpc-client-1-1-784584  [001] d.s11 115345.674514: bpf_trace_printk: [xdp] 7077 -> 56966 | 115336919149562 ns

 systemd-resolve-175269  [001] d...1 115355.368693: bpf_trace_printk: [udp_recvmsg] 53 -> 0 | 115346613252196 ns

 systemd-resolve-175269  [001] d...1 115355.368796: bpf_trace_printk: [udp_recvmsg] 53 -> 0 | 115346613376195 ns

 systemd-resolve-175269  [001] d...1 115355.369641: bpf_trace_printk: [udp_recvmsg] 53 -> 0 | 115346614219090 ns

 systemd-resolve-175269  [001] d...1 115355.369720: bpf_trace_printk: [udp_recvmsg] 53 -> 0 | 115346614300690 ns

 systemd-resolve-175269  [001] d...1 115355.413094: bpf_trace_printk: [udp_recvmsg] 55420 -> 53 | 115346657671135 ns

 systemd-resolve-175269  [001] d...1 115355.413173: bpf_trace_printk: [udp_recvmsg] 55420 -> 53 | 115346657753635 ns

 DNS Res~ver #60-786197  [001] d...1 115355.413802: bpf_trace_printk: [udp_recvmsg] 51941 -> 53 | 115346658380731 ns

 systemd-resolve-175269  [001] d...1 115355.424064: bpf_trace_printk: [udp_recvmsg] 39724 -> 53 | 115346668640771 ns

 systemd-resolve-175269  [001] d...1 115355.424159: bpf_trace_printk: [udp_recvmsg] 39724 -> 53 | 115346668739570 ns

 DNS Res~ver #60-786197  [001] d...1 115355.424831: bpf_trace_printk: [udp_recvmsg] 51941 -> 53 | 115346669410867 ns

   Socket Thread-659769  [002] d...1 115355.592005: bpf_trace_printk: [udp_recvmsg] 45735 -> 0 | 115346836580386 ns

   Socket Thread-659769  [002] d...1 115355.594543: bpf_trace_printk: [udp_recvmsg] 45735 -> 0 | 115346839119971 ns

   Socket Thread-659769  [001] d...1 115355.671434: bpf_trace_printk: [udp_recvmsg] 45735 -> 0 | 115346916009019 ns

   Socket Thread-659769  [001] d...1 115355.672757: bpf_trace_printk: [udp_recvmsg] 45735 -> 0 | 115346917333512 ns

   Socket Thread-659769  [001] d...1 115355.672937: bpf_trace_printk: [udp_recvmsg] 45735 -> 0 | 115346917514110 ns

   Socket Thread-659769  [001] d...1 115355.673115: bpf_trace_printk: [udp_recvmsg] 45735 -> 0 | 115346917693009 ns

   Socket Thread-659769  [000] d...1 115355.801315: bpf_trace_printk: [udp_recvmsg] 45735 -> 0 | 115347045888858 ns

   Socket Thread-659769  [000] d...1 115355.805345: bpf_trace_printk: [udp_recvmsg] 45735 -> 0 | 115347049919234 ns

   Socket Thread-659769  [000] d...1 115355.853894: bpf_trace_printk: [udp_recvmsg] 45735 -> 0 | 115347098467948 ns

   Socket Thread-659769  [000] d...1 115355.854099: bpf_trace_printk: [udp_recvmsg] 45735 -> 0 | 115347098675547 ns

  rpc-client-1-1-784584  [001] d.s11 115360.675672: bpf_trace_printk: [xdp] 56966 -> 7077 | 115351920202683 ns

  rpc-client-1-1-784584  [001] d.s11 115360.676263: bpf_trace_printk: [xdp] 7077 -> 56966 | 115351920798279 ns

     ksoftirqd/1-22      [001] d.s.1 115360.677103: bpf_trace_printk: [xdp] 56966 -> 7077 | 115351921637275 ns

     ksoftirqd/1-22      [001] d.s.1 115360.677485: bpf_trace_printk: [xdp] 7077 -> 56966 | 115351922002673 ns

 systemd-resolve-175269  [001] d...1 115361.357483: bpf_trace_printk: [udp_recvmsg] 53 -> 0 | 115352602006361 ns

 systemd-resolve-175269  [001] d...1 115361.357744: bpf_trace_printk: [udp_recvmsg] 53 -> 0 | 115352602272159 ns

 systemd-resolve-175269  [001] d...1 115361.359104: bpf_trace_printk: [udp_recvmsg] 53 -> 0 | 115352603630551 ns

 systemd-resolve-175269  [001] d...1 115361.359183: bpf_trace_printk: [udp_recvmsg] 53 -> 0 | 115352603712651 ns

 systemd-resolve-175269  [001] d...1 115361.439243: bpf_trace_printk: [udp_recvmsg] 36233 -> 53 | 115352683770579 ns

 systemd-resolve-175269  [001] d...1 115361.439536: bpf_trace_printk: [udp_recvmsg] 36233 -> 53 | 115352684063677 ns

 DNS Res~ver #60-786197  [001] d...1 115361.441400: bpf_trace_printk: [udp_recvmsg] 48422 -> 53 | 115352685927666 ns

 systemd-resolve-175269  [001] d...1 115361.450159: bpf_trace_printk: [udp_recvmsg] 59331 -> 53 | 115352694685214 ns

 systemd-resolve-175269  [001] d...1 115361.450374: bpf_trace_printk: [udp_recvmsg] 59331 -> 53 | 115352694904513 ns

 systemd-resolve-175269  [001] d...1 115361.486620: bpf_trace_printk: [udp_recvmsg] 55771 -> 53 | 115352731118199 ns

 systemd-resolve-175269  [001] d...1 115361.486854: bpf_trace_printk: [udp_recvmsg] 55771 -> 53 | 115352731382198 ns

 DNS Res~ver #60-786197  [001] dN..1 115361.488036: bpf_trace_printk: [udp_recvmsg] 48422 -> 53 | 115352732563591 ns

  rpc-client-1-1-784584  [001] d.s11 115375.676635: bpf_trace_printk: [xdp] 56966 -> 7077 | 115366921078864 ns

  rpc-client-1-1-784584  [001] d.s11 115375.676856: bpf_trace_printk: [xdp] 7077 -> 56966 | 115366921302062 ns

  rpc-client-1-1-784584  [001] d.s11 115375.677043: bpf_trace_printk: [xdp] 56966 -> 7077 | 115366921481761 ns

  rpc-client-1-1-784584  [001] d.s11 115375.677090: bpf_trace_printk: [xdp] 7077 -> 56966 | 115366921538061 ns

           <...>-175304  [000] d...1 115383.458686: bpf_trace_printk: [udp_recvmsg] 58466 -> 0 | 115374703073982 ns

  rpc-client-1-1-784584  [000] d.s11 115391.499502: bpf_trace_printk: [xdp] 56966 -> 7077 | 115382743924885 ns

  rpc-client-1-1-784584  [000] dNs11 115391.499777: bpf_trace_printk: [xdp] 7077 -> 56966 | 115382744201986 ns

  rpc-client-1-1-784584  [000] d.s11 115391.500694: bpf_trace_printk: [xdp] 56966 -> 7077 | 115382745119490 ns

  rpc-client-1-1-784584  [000] d.s11 115391.500869: bpf_trace_printk: [xdp] 7077 -> 56966 | 115382745295191 ns

  rpc-client-1-1-784584  [000] d.s11 115405.675066: bpf_trace_printk: [xdp] 56966 -> 7077 | 115396919537458 ns

  rpc-client-1-1-784584  [000] d.s11 115405.675288: bpf_trace_printk: [xdp] 7077 -> 56966 | 115396919763258 ns

  rpc-client-1-1-784584  [000] d.s11 115405.675461: bpf_trace_printk: [xdp] 56966 -> 7077 | 115396919936459 ns

  rpc-client-1-1-784584  [000] d.s11 115405.675518: bpf_trace_printk: [xdp] 7077 -> 56966 | 115396919994659 ns

  rpc-client-1-1-784584  [001] d.s11 115426.304129: bpf_trace_printk: [xdp] 56966 -> 7077 | 115417548665975 ns

  rpc-client-1-1-784584  [001] dNs11 115426.304531: bpf_trace_printk: [xdp] 7077 -> 56966 | 115417549072976 ns

  rpc-client-1-1-784584  [001] d.s11 115426.305364: bpf_trace_printk: [xdp] 56966 -> 7077 | 115417549902579 ns

  rpc-client-1-1-784584  [001] dNs11 115426.305676: bpf_trace_printk: [xdp] 7077 -> 56966 | 115417550215880 ns

  rpc-client-1-1-784584  [000] d.s11 115435.675274: bpf_trace_printk: [xdp] 56966 -> 7077 | 115426919846436 ns

  rpc-client-1-1-784584  [000] d.s11 115435.675468: bpf_trace_printk: [xdp] 7077 -> 56966 | 115426920041436 ns

  rpc-client-1-1-784584  [000] d.s11 115435.675656: bpf_trace_printk: [xdp] 56966 -> 7077 | 115426920228437 ns

  rpc-client-1-1-784584  [000] d.s11 115435.675790: bpf_trace_printk: [xdp] 7077 -> 56966 | 115426920359337 ns

 systemd-resolve-175269  [003] d...1 115440.546842: bpf_trace_printk: [udp_recvmsg] 34253 -> 53 | 115431791425935 ns

 systemd-resolve-175269  [003] d...1 115440.547001: bpf_trace_printk: [udp_recvmsg] 34253 -> 53 | 115431791588036 ns

           <...>-787156  [003] d.s11 115448.576819: bpf_trace_printk: [xdp] 43916 -> 22 | 115439821419860 ns

           <...>-787156  [003] d.s11 115448.577070: bpf_trace_printk: [xdp] 22 -> 43916 | 115439821679060 ns

           <...>-787156  [003] d.s11 115448.577144: bpf_trace_printk: [xdp] 43916 -> 22 | 115439821754161 ns

             ssh-787156  [003] d.s11 115448.580131: bpf_trace_printk: [xdp] 43916 -> 22 | 115439824739969 ns

             ssh-787156  [003] dNs11 115448.580281: bpf_trace_printk: [xdp] 22 -> 43916 | 115439824889370 ns

           <...>-787158  [001] d.s11 115448.608856: bpf_trace_printk: [xdp] 22 -> 43916 | 115439853463253 ns

           <...>-787158  [001] d.s11 115448.609063: bpf_trace_printk: [xdp] 43916 -> 22 | 115439853672454 ns

             ssh-787156  [003] dNs11 115448.610300: bpf_trace_printk: [xdp] 43916 -> 22 | 115439854913858 ns

            sshd-787159  [003] d.s11 115448.619391: bpf_trace_printk: [xdp] 22 -> 43916 | 115439863997785 ns

             ssh-787156  [003] d.s11 115448.622353: bpf_trace_printk: [xdp] 43916 -> 22 | 115439866966593 ns

            sshd-787159  [003] d.s11 115448.631072: bpf_trace_printk: [xdp] 22 -> 43916 | 115439875678318 ns

             ssh-787156  [003] d.s11 115448.636225: bpf_trace_printk: [xdp] 43916 -> 22 | 115439880832434 ns

          <idle>-0       [003] d.s.1 115448.683892: bpf_trace_printk: [xdp] 22 -> 43916 | 115439928491073 ns

          <idle>-0       [003] d.s.1 115448.684138: bpf_trace_printk: [xdp] 43916 -> 22 | 115439928746773 ns

          <idle>-0       [003] dNs.1 115448.684233: bpf_trace_printk: [xdp] 22 -> 43916 | 115439928841574 ns

            sshd-787159  [003] d.s11 115448.684596: bpf_trace_printk: [xdp] 22 -> 43916 | 115439929200675 ns

             ssh-787156  [001] d.s11 115448.685227: bpf_trace_printk: [xdp] 43916 -> 22 | 115439929833877 ns

            sshd-787159  [003] d.s11 115448.692422: bpf_trace_printk: [xdp] 22 -> 43916 | 115439937028998 ns

             ssh-787156  [001] d.s11 115448.692877: bpf_trace_printk: [xdp] 43916 -> 22 | 115439937484399 ns

            sshd-787159  [003] d.s11 115448.704259: bpf_trace_printk: [xdp] 22 -> 43916 | 115439948867433 ns

             ssh-787156  [001] d.s11 115448.711524: bpf_trace_printk: [xdp] 43916 -> 22 | 115439956133754 ns

            sshd-787159  [002] d.s11 115448.722868: bpf_trace_printk: [xdp] 22 -> 43916 | 115439967473687 ns

             ssh-787156  [003] d.s11 115448.724627: bpf_trace_printk: [xdp] 43916 -> 22 | 115439969236592 ns

           gdbus-176309  [003] d.s.1 115448.768168: bpf_trace_printk: [xdp] 22 -> 43916 | 115440012772020 ns

           <...>-787213  [001] d.s11 115449.558582: bpf_trace_printk: [xdp] 22 -> 43916 | 115440803190431 ns

          <idle>-0       [001] d.s.1 115449.604153: bpf_trace_printk: [xdp] 43916 -> 22 | 115440848759163 ns

          <idle>-0       [001] d.s.1 115449.604406: bpf_trace_printk: [xdp] 22 -> 43916 | 115440849015964 ns

          <idle>-0       [001] d.s.1 115449.604497: bpf_trace_printk: [xdp] 43916 -> 22 | 115440849107164 ns

             ssh-787156  [000] d.s11 115449.605051: bpf_trace_printk: [xdp] 43916 -> 22 | 115440849666566 ns

             ssh-787156  [000] d.s11 115449.605249: bpf_trace_printk: [xdp] 22 -> 43916 | 115440849862767 ns

            sshd-787213  [001] d.s11 115449.611153: bpf_trace_printk: [xdp] 22 -> 43916 | 115440855751084 ns

     ksoftirqd/1-22      [001] d.s.1 115449.656831: bpf_trace_printk: [xdp] 43916 -> 22 | 115440901442016 ns

            sshd-787213  [001] d.s11 115449.839531: bpf_trace_printk: [xdp] 22 -> 43916 | 115441084136248 ns

            sshd-787213  [001] d.s11 115449.840026: bpf_trace_printk: [xdp] 43916 -> 22 | 115441084402849 ns

            sshd-787213  [001] d.s11 115449.851609: bpf_trace_printk: [xdp] 22 -> 43916 | 115441096212483 ns

            sshd-787213  [001] d.s11 115449.852218: bpf_trace_printk: [xdp] 43916 -> 22 | 115441096817284 ns

             ssh-787156  [001] d.s11 115449.853258: bpf_trace_printk: [xdp] 43916 -> 22 | 115441097862887 ns

             ssh-787156  [001] d.s11 115449.853653: bpf_trace_printk: [xdp] 43916 -> 22 | 115441098258589 ns

             ssh-787156  [001] d.s11 115449.854462: bpf_trace_printk: [xdp] 43916 -> 22 | 115441099067991 ns

            sshd-787213  [001] d.s11 115449.860284: bpf_trace_printk: [xdp] 22 -> 43916 | 115441104893908 ns

            sshd-787158  [003] d.s11 115449.889557: bpf_trace_printk: [xdp] 22 -> 43916 | 115441134163694 ns

            sshd-787158  [003] d.s11 115449.889803: bpf_trace_printk: [xdp] 43916 -> 22 | 115441134412394 ns

 worker-forward--784581  [002] d.s11 115450.295647: bpf_trace_printk: [xdp] 56966 -> 7077 | 115441540204674 ns

            Xorg-176141  [002] d.s.1 115450.339920: bpf_trace_printk: [xdp] 7077 -> 56966 | 115441584527203 ns

  rpc-server-4-1-784585  [001] d.s11 115450.512400: bpf_trace_printk: [xdp] 7077 -> 56966 | 115441757009803 ns

  rpc-server-4-1-784585  [001] d.s11 115450.512584: bpf_trace_printk: [xdp] 56966 -> 7077 | 115441757196504 ns

           <...>-787340  [001] d.s11 115458.922747: bpf_trace_printk: [xdp] 52590 -> 22 | 115450167379758 ns

           <...>-787340  [001] d.s11 115458.922990: bpf_trace_printk: [xdp] 22 -> 52590 | 115450167625859 ns

           <...>-787340  [001] d.s11 115458.923064: bpf_trace_printk: [xdp] 52590 -> 22 | 115450167700659 ns

             ssh-787340  [001] dNs11 115458.925960: bpf_trace_printk: [xdp] 52590 -> 22 | 115450170592967 ns

             ssh-787340  [001] dNs11 115458.926107: bpf_trace_printk: [xdp] 22 -> 52590 | 115450170742767 ns

           <...>-787342  [002] d.s11 115458.961988: bpf_trace_printk: [xdp] 22 -> 52590 | 115450206618066 ns

           <...>-787342  [002] d.s11 115458.962207: bpf_trace_printk: [xdp] 52590 -> 22 | 115450206840567 ns

             ssh-787340  [001] d.s11 115458.965910: bpf_trace_printk: [xdp] 52590 -> 22 | 115450210543877 ns

            sshd-787343  [003] d.s11 115458.968142: bpf_trace_printk: [xdp] 22 -> 52590 | 115450212780983 ns

             ssh-787340  [001] d.s11 115458.983162: bpf_trace_printk: [xdp] 52590 -> 22 | 115450227787924 ns

            sshd-787343  [003] d.s11 115458.989938: bpf_trace_printk: [xdp] 22 -> 52590 | 115450234574943 ns

             ssh-787340  [002] d.s11 115459.000117: bpf_trace_printk: [xdp] 52590 -> 22 | 115450244735871 ns

           <...>-28      [002] d.s.1 115459.047993: bpf_trace_printk: [xdp] 22 -> 52590 | 115450292618902 ns

           <...>-28      [002] d.s.1 115459.048250: bpf_trace_printk: [xdp] 52590 -> 22 | 115450292881103 ns

           <...>-28      [002] d.s.1 115459.048376: bpf_trace_printk: [xdp] 22 -> 52590 | 115450293008204 ns

            sshd-787343  [001] d.s11 115459.048766: bpf_trace_printk: [xdp] 22 -> 52590 | 115450293396805 ns

             ssh-787340  [003] d.s11 115459.053510: bpf_trace_printk: [xdp] 52590 -> 22 | 115450298139417 ns

            sshd-787343  [001] d.s11 115459.064995: bpf_trace_printk: [xdp] 22 -> 52590 | 115450309623249 ns

             ssh-787340  [003] d.s11 115459.066225: bpf_trace_printk: [xdp] 52590 -> 22 | 115450310844853 ns

            sshd-787343  [001] d.s11 115459.100007: bpf_trace_printk: [xdp] 22 -> 52590 | 115450344634545 ns

             ssh-787340  [003] d.s11 115459.108167: bpf_trace_printk: [xdp] 52590 -> 22 | 115450352796968 ns

            sshd-787343  [001] d.s11 115459.126613: bpf_trace_printk: [xdp] 22 -> 52590 | 115450371238719 ns

             ssh-787340  [003] d.s11 115459.127768: bpf_trace_printk: [xdp] 52590 -> 22 | 115450372396223 ns

           <...>-787373  [003] d.s.1 115459.172742: bpf_trace_printk: [xdp] 22 -> 52590 | 115450417343546 ns

           <...>-787438  [000] d.s11 115460.173073: bpf_trace_printk: [xdp] 22 -> 52590 | 115451417705585 ns

           <...>-787328  [000] d.s.1 115460.216788: bpf_trace_printk: [xdp] 52590 -> 22 | 115451461409904 ns

           <...>-787328  [000] d.s.1 115460.217043: bpf_trace_printk: [xdp] 22 -> 52590 | 115451461676305 ns

           <...>-787328  [000] d.s.1 115460.217167: bpf_trace_printk: [xdp] 52590 -> 22 | 115451461799705 ns

             ssh-787340  [001] d.s11 115460.218936: bpf_trace_printk: [xdp] 52590 -> 22 | 115451463569010 ns

             ssh-787340  [001] dNs11 115460.219210: bpf_trace_printk: [xdp] 22 -> 52590 | 115451463842911 ns

            sshd-787438  [000] d.s11 115460.222118: bpf_trace_printk: [xdp] 22 -> 52590 | 115451466749419 ns

           <...>-787440  [000] d.s.1 115460.264781: bpf_trace_printk: [xdp] 52590 -> 22 | 115451509400335 ns

            sshd-787438  [000] d.s11 115460.476574: bpf_trace_printk: [xdp] 22 -> 52590 | 115451721207814 ns

            sshd-787438  [000] d.s11 115460.476931: bpf_trace_printk: [xdp] 52590 -> 22 | 115451721565615 ns

 systemd-resolve-175269  [003] d...1 115460.515874: bpf_trace_printk: [udp_recvmsg] 53 -> 0 | 115451760498121 ns

 systemd-resolve-175269  [003] d...1 115460.516470: bpf_trace_printk: [udp_recvmsg] 53 -> 0 | 115451761103022 ns

 systemd-resolve-175269  [003] d...1 115460.548058: bpf_trace_printk: [udp_recvmsg] 48912 -> 53 | 115451792690008 ns

 systemd-resolve-175269  [003] d...1 115460.548270: bpf_trace_printk: [udp_recvmsg] 48912 -> 53 | 115451792901509 ns

 systemd-resolve-175269  [003] d...1 115460.582745: bpf_trace_printk: [udp_recvmsg] 48912 -> 53 | 115451827376302 ns

 systemd-resolve-175269  [003] d...1 115460.582941: bpf_trace_printk: [udp_recvmsg] 48912 -> 53 | 115451827576603 ns

            java-787284  [003] d...1 115460.584345: bpf_trace_printk: [udp_recvmsg] 38428 -> 53 | 115451828970207 ns

            sshd-787438  [000] d.s11 115464.051883: bpf_trace_printk: [xdp] 22 -> 52590 | 115455296527040 ns

            sshd-787438  [000] d.s11 115464.052105: bpf_trace_printk: [xdp] 52590 -> 22 | 115455296751141 ns

             ssh-787340  [001] d.s11 115464.052606: bpf_trace_printk: [xdp] 52590 -> 22 | 115455297248442 ns

             ssh-787340  [001] d.s11 115464.053002: bpf_trace_printk: [xdp] 52590 -> 22 | 115455297645643 ns

             ssh-787340  [001] d.s11 115464.053271: bpf_trace_printk: [xdp] 52590 -> 22 | 115455297915544 ns

            sshd-787438  [000] d.s11 115464.054639: bpf_trace_printk: [xdp] 22 -> 52590 | 115455299291248 ns

            sshd-787342  [000] d.s11 115464.084439: bpf_trace_printk: [xdp] 22 -> 52590 | 115455329076527 ns

            sshd-787342  [000] dNs11 115464.084690: bpf_trace_printk: [xdp] 52590 -> 22 | 115455329332027 ns

 systemd-resolve-175269  [003] d...1 115466.141556: bpf_trace_printk: [udp_recvmsg] 53 -> 0 | 115457386198367 ns

 systemd-resolve-175269  [003] d...1 115466.141783: bpf_trace_printk: [udp_recvmsg] 53 -> 0 | 115457386431467 ns

 systemd-resolve-175269  [003] d...1 115466.178047: bpf_trace_printk: [udp_recvmsg] 53568 -> 53 | 115457422700562 ns

 systemd-resolve-175269  [003] d...1 115466.178154: bpf_trace_printk: [udp_recvmsg] 53568 -> 53 | 115457422810963 ns

 systemd-resolve-175269  [003] d...1 115466.209622: bpf_trace_printk: [udp_recvmsg] 53568 -> 53 | 115457454265045 ns

 systemd-resolve-175269  [003] d...1 115466.209837: bpf_trace_printk: [udp_recvmsg] 53568 -> 53 | 115457454492046 ns

            java-787482  [003] d...1 115466.212274: bpf_trace_printk: [udp_recvmsg] 36020 -> 53 | 115457456912552 ns

 systemd-resolve-175269  [003] d...1 115470.605952: bpf_trace_printk: [udp_recvmsg] 53 -> 0 | 115461850617424 ns

 systemd-resolve-175269  [003] d...1 115470.606043: bpf_trace_printk: [udp_recvmsg] 53 -> 0 | 115461850711624 ns

 systemd-resolve-175269  [003] d...1 115470.647183: bpf_trace_printk: [udp_recvmsg] 36244 -> 53 | 115461891843228 ns

 systemd-resolve-175269  [003] d...1 115470.647273: bpf_trace_printk: [udp_recvmsg] 36244 -> 53 | 115461891941529 ns

 systemd-resolve-175269  [003] d...1 115470.684677: bpf_trace_printk: [udp_recvmsg] 36244 -> 53 | 115461929343824 ns

 systemd-resolve-175269  [003] d...1 115470.684755: bpf_trace_printk: [udp_recvmsg] 36244 -> 53 | 115461929424724 ns

            java-787571  [003] d...1 115470.685673: bpf_trace_printk: [udp_recvmsg] 35662 -> 53 | 115461930341327 ns

           <...>-787608  [001] d.s11 115471.018695: bpf_trace_printk: [xdp] 52640 -> 7077 | 115462263357874 ns

           <...>-787608  [001] d.s11 115471.018896: bpf_trace_printk: [xdp] 7077 -> 52640 | 115462263562374 ns

           <...>-787608  [001] d.s11 115471.019011: bpf_trace_printk: [xdp] 52640 -> 7077 | 115462263673175 ns

  rpc-client-1-1-787608  [001] d.s11 115471.153022: bpf_trace_printk: [xdp] 52640 -> 7077 | 115462397683416 ns

  rpc-client-1-1-787608  [001] dNs11 115471.153174: bpf_trace_printk: [xdp] 7077 -> 52640 | 115462397839516 ns

  rpc-client-1-1-787608  [001] d.s11 115471.154229: bpf_trace_printk: [xdp] 52640 -> 7077 | 115462398892619 ns

  rpc-client-1-1-787608  [001] dNs11 115471.154363: bpf_trace_printk: [xdp] 7077 -> 52640 | 115462399029519 ns

           <...>-787609  [002] d.s11 115471.417641: bpf_trace_printk: [xdp] 7077 -> 52640 | 115462662293989 ns

           <...>-787609  [002] d.s11 115471.417792: bpf_trace_printk: [xdp] 52640 -> 7077 | 115462662459489 ns

  rpc-server-4-1-787609  [002] d.s11 115471.421427: bpf_trace_printk: [xdp] 7077 -> 52640 | 115462666090398 ns

  rpc-server-4-1-787609  [002] d.s11 115471.421588: bpf_trace_printk: [xdp] 52640 -> 7077 | 115462666252698 ns

  rpc-client-1-1-787608  [001] d.s11 115471.538580: bpf_trace_printk: [xdp] 52640 -> 7077 | 115462783242695 ns

  rpc-client-1-1-787608  [001] dNs11 115471.538797: bpf_trace_printk: [xdp] 7077 -> 52640 | 115462783462196 ns

  rpc-client-1-1-787608  [001] d.s11 115471.541091: bpf_trace_printk: [xdp] 52640 -> 7077 | 115462785756601 ns

  rpc-client-1-1-787608  [001] dNs11 115471.541237: bpf_trace_printk: [xdp] 7077 -> 52640 | 115462785889402 ns

  rpc-server-4-1-787609  [002] d.s11 115471.740768: bpf_trace_printk: [xdp] 7077 -> 52640 | 115462985421506 ns

  rpc-server-4-1-787609  [002] d.s11 115471.741037: bpf_trace_printk: [xdp] 52640 -> 7077 | 115462985696806 ns

  rpc-server-4-1-787609  [002] d.s11 115471.741492: bpf_trace_printk: [xdp] 7077 -> 52640 | 115462986150807 ns

  rpc-server-4-1-787609  [002] d.s11 115471.741729: bpf_trace_printk: [xdp] 52640 -> 7077 | 115462986388708 ns

  rpc-client-1-1-787608  [001] d.s11 115471.926397: bpf_trace_printk: [xdp] 52640 -> 7077 | 115463171046975 ns

  rpc-client-1-1-787608  [001] dNs11 115471.926737: bpf_trace_printk: [xdp] 7077 -> 52640 | 115463171390275 ns

  rpc-client-1-1-787608  [001] d.s11 115471.928739: bpf_trace_printk: [xdp] 52640 -> 7077 | 115463173397480 ns

  rpc-client-1-1-787608  [001] dNs11 115471.929008: bpf_trace_printk: [xdp] 7077 -> 52640 | 115463173668981 ns

  rpc-client-1-1-787608  [001] d.s11 115471.946236: bpf_trace_printk: [xdp] 52640 -> 7077 | 115463190891225 ns

  rpc-client-1-1-787608  [001] dNs11 115471.946487: bpf_trace_printk: [xdp] 7077 -> 52640 | 115463191146926 ns

  rpc-client-1-1-787608  [001] d.s11 115471.952947: bpf_trace_printk: [xdp] 52640 -> 7077 | 115463197606042 ns

  rpc-client-1-1-787608  [001] dNs11 115471.953165: bpf_trace_printk: [xdp] 7077 -> 52640 | 115463197825842 ns

           <...>-787648  [003] d.s11 115475.789033: bpf_trace_printk: [xdp] 49342 -> 7070 | 115467033710314 ns

           <...>-787648  [003] d.s11 115475.789119: bpf_trace_printk: [xdp] 7070 -> 49342 | 115467033798914 ns

           <...>-828     [003] d...1 115477.569657: bpf_trace_printk: [udp_recvmsg] 5353 -> 0 | 115468814338176 ns

  rpc-client-1-1-787608  [001] d.s11 115486.832806: bpf_trace_printk: [xdp] 52640 -> 7077 | 115478077507298 ns

  rpc-client-1-1-787608  [001] d.s11 115486.832961: bpf_trace_printk: [xdp] 7077 -> 52640 | 115478077664498 ns

  rpc-client-1-1-787608  [001] d.s11 115486.833050: bpf_trace_printk: [xdp] 52640 -> 7077 | 115478077753499 ns

  rpc-client-1-1-787608  [001] d.s11 115486.833164: bpf_trace_printk: [xdp] 7077 -> 52640 | 115478077868599 ns

  rpc-client-1-2-787780  [001] d.s11 115495.660593: bpf_trace_printk: [xdp] 55718 -> 7070 | 115486905299882 ns

  rpc-client-1-2-787780  [001] dNs11 115495.660769: bpf_trace_printk: [xdp] 7070 -> 55718 | 115486905479683 ns

  rpc-client-1-1-787608  [001] d.s11 115501.833310: bpf_trace_printk: [xdp] 52640 -> 7077 | 115493078035452 ns

  rpc-client-1-1-787608  [001] d.s11 115501.833492: bpf_trace_printk: [xdp] 7077 -> 52640 | 115493078221353 ns

  rpc-client-1-1-787608  [001] d.s11 115501.833680: bpf_trace_printk: [xdp] 52640 -> 7077 | 115493078409553 ns

  rpc-client-1-1-787608  [001] d.s11 115501.833715: bpf_trace_printk: [xdp] 7077 -> 52640 | 115493078444753 ns

  rpc-client-1-1-787608  [001] d.s11 115516.833494: bpf_trace_printk: [xdp] 52640 -> 7077 | 115508078246309 ns

  rpc-client-1-1-787608  [001] d.s11 115516.833623: bpf_trace_printk: [xdp] 7077 -> 52640 | 115508078377909 ns

  rpc-client-1-1-787608  [001] d.s11 115516.833713: bpf_trace_printk: [xdp] 52640 -> 7077 | 115508078468009 ns

  rpc-client-1-1-787608  [001] d.s11 115516.833744: bpf_trace_printk: [xdp] 7077 -> 52640 | 115508078499210 ns

 systemd-resolve-175269  [003] d...1 115530.559962: bpf_trace_printk: [udp_recvmsg] 58163 -> 53 | 115521804728237 ns

 systemd-resolve-175269  [003] d...1 115530.560106: bpf_trace_printk: [udp_recvmsg] 58163 -> 53 | 115521804873437 ns

  rpc-client-1-1-787608  [001] d.s11 115531.834073: bpf_trace_printk: [xdp] 52640 -> 7077 | 115523078844648 ns

  rpc-client-1-1-787608  [001] d.s11 115531.834204: bpf_trace_printk: [xdp] 7077 -> 52640 | 115523078979348 ns

  rpc-client-1-1-787608  [001] d.s11 115531.834294: bpf_trace_printk: [xdp] 52640 -> 7077 | 115523079069348 ns

  rpc-client-1-1-787608  [001] d.s11 115531.834322: bpf_trace_printk: [xdp] 7077 -> 52640 | 115523079096948 ns

  rpc-client-1-1-787608  [001] d.s11 115547.109169: bpf_trace_printk: [xdp] 52640 -> 7077 | 115538353947393 ns

  rpc-client-1-1-787608  [001] d.s11 115547.109456: bpf_trace_printk: [xdp] 7077 -> 52640 | 115538354238694 ns

  rpc-client-1-1-787608  [001] d.s11 115547.109650: bpf_trace_printk: [xdp] 52640 -> 7077 | 115538354433594 ns

  rpc-client-1-1-787608  [001] d.s11 115547.109714: bpf_trace_printk: [xdp] 7077 -> 52640 | 115538354498094 ns

             ssh-788251  [001] d.s11 115552.352311: bpf_trace_printk: [xdp] 37314 -> 22 | 115543597101935 ns

             ssh-788251  [001] dNs11 115552.352488: bpf_trace_printk: [xdp] 22 -> 37314 | 115543597282236 ns

             ssh-788251  [001] dNs11 115552.352557: bpf_trace_printk: [xdp] 37314 -> 22 | 115543597351436 ns

             ssh-788251  [002] d.s11 115552.355962: bpf_trace_printk: [xdp] 37314 -> 22 | 115543600747340 ns

             ssh-788251  [002] d.s11 115552.356108: bpf_trace_printk: [xdp] 22 -> 37314 | 115543600900040 ns

           <...>-788253  [000] d.s11 115552.392008: bpf_trace_printk: [xdp] 22 -> 37314 | 115543636792286 ns

           <...>-788253  [000] d.s11 115552.392444: bpf_trace_printk: [xdp] 37314 -> 22 | 115543637235586 ns

             ssh-788251  [002] d.s11 115552.394014: bpf_trace_printk: [xdp] 37314 -> 22 | 115543638809188 ns

            sshd-788254  [003] d.s11 115552.399381: bpf_trace_printk: [xdp] 22 -> 37314 | 115543644171095 ns

             ssh-788251  [003] d.s11 115552.403624: bpf_trace_printk: [xdp] 37314 -> 22 | 115543648416101 ns

            sshd-788254  [000] d.s11 115552.415584: bpf_trace_printk: [xdp] 22 -> 37314 | 115543660380316 ns

             ssh-788251  [003] d.s11 115552.417863: bpf_trace_printk: [xdp] 37314 -> 22 | 115543662659819 ns

     ksoftirqd/3-34      [003] d.s.1 115552.460375: bpf_trace_printk: [xdp] 22 -> 37314 | 115543705162072 ns

     ksoftirqd/3-34      [003] d.s.1 115552.460608: bpf_trace_printk: [xdp] 37314 -> 22 | 115543705393973 ns

     ksoftirqd/3-34      [003] d.s.1 115552.460747: bpf_trace_printk: [xdp] 22 -> 37314 | 115543705537273 ns

            sshd-788254  [003] d.s11 115552.461370: bpf_trace_printk: [xdp] 22 -> 37314 | 115543706160374 ns

             ssh-788251  [003] d.s11 115552.461899: bpf_trace_printk: [xdp] 37314 -> 22 | 115543706689574 ns

            sshd-788254  [003] d.s11 115552.469217: bpf_trace_printk: [xdp] 22 -> 37314 | 115543714000284 ns

             ssh-788251  [003] d.s11 115552.469632: bpf_trace_printk: [xdp] 37314 -> 22 | 115543714422085 ns

            sshd-788254  [003] d.s11 115552.481673: bpf_trace_printk: [xdp] 22 -> 37314 | 115543726456000 ns

             ssh-788251  [003] d.s11 115552.489892: bpf_trace_printk: [xdp] 37314 -> 22 | 115543734678511 ns

            sshd-788254  [001] d.s11 115552.505471: bpf_trace_printk: [xdp] 22 -> 37314 | 115543750260730 ns

             ssh-788251  [003] d.s11 115552.506509: bpf_trace_printk: [xdp] 37314 -> 22 | 115543751291931 ns

  NetworkManager-359380  [003] d.s.1 115552.548368: bpf_trace_printk: [xdp] 22 -> 37314 | 115543793158984 ns

            sshd-788308  [000] d.s11 115553.282060: bpf_trace_printk: [xdp] 22 -> 37314 | 115544526851407 ns

     ksoftirqd/0-13      [000] d.s.1 115553.324015: bpf_trace_printk: [xdp] 37314 -> 22 | 115544568794760 ns

     ksoftirqd/0-13      [000] d.s.1 115553.324453: bpf_trace_printk: [xdp] 22 -> 37314 | 115544569054760 ns

     ksoftirqd/0-13      [000] d.s.1 115553.324572: bpf_trace_printk: [xdp] 37314 -> 22 | 115544569360260 ns

             ssh-788251  [003] d.s11 115553.325354: bpf_trace_printk: [xdp] 37314 -> 22 | 115544570141461 ns

             ssh-788251  [003] d.s11 115553.325738: bpf_trace_printk: [xdp] 22 -> 37314 | 115544570528162 ns

            sshd-788308  [000] d.s11 115553.330329: bpf_trace_printk: [xdp] 22 -> 37314 | 115544575114968 ns

     ksoftirqd/0-13      [000] d.s.1 115553.372384: bpf_trace_printk: [xdp] 37314 -> 22 | 115544617169021 ns

            sshd-788308  [000] d.s11 115553.574614: bpf_trace_printk: [xdp] 22 -> 37314 | 115544819400373 ns

            sshd-788308  [000] d.s11 115553.574880: bpf_trace_printk: [xdp] 37314 -> 22 | 115544819669573 ns

            sshd-788308  [000] d.s11 115553.584161: bpf_trace_printk: [xdp] 22 -> 37314 | 115544828948085 ns

            sshd-788308  [000] d.s11 115553.584286: bpf_trace_printk: [xdp] 37314 -> 22 | 115544829084585 ns

             ssh-788251  [000] d.s11 115553.584530: bpf_trace_printk: [xdp] 37314 -> 22 | 115544829328286 ns

             ssh-788251  [000] d.s11 115553.584623: bpf_trace_printk: [xdp] 37314 -> 22 | 115544829421885 ns

             ssh-788251  [000] d.s11 115553.584746: bpf_trace_printk: [xdp] 37314 -> 22 | 115544829544486 ns

            sshd-788308  [000] d.s11 115553.585945: bpf_trace_printk: [xdp] 22 -> 37314 | 115544830742988 ns

            sshd-788253  [002] d.s11 115553.611463: bpf_trace_printk: [xdp] 22 -> 37314 | 115544856248920 ns

            sshd-788253  [002] dNs11 115553.611730: bpf_trace_printk: [xdp] 37314 -> 22 | 115544856519020 ns

 GC task thread#-787485  [002] d.s11 115553.980578: bpf_trace_printk: [xdp] 52640 -> 7077 | 115545225367179 ns

         polkitd-848     [002] d.s.1 115554.023880: bpf_trace_printk: [xdp] 7077 -> 52640 | 115545268666632 ns

 netty-rpc-env-t-787503  [002] d.s11 115554.201969: bpf_trace_printk: [xdp] 7077 -> 52640 | 115545446760754 ns

 netty-rpc-env-t-787503  [002] dNs11 115554.202158: bpf_trace_printk: [xdp] 52640 -> 7077 | 115545446949554 ns

 systemd-resolve-175269  [003] d...1 115566.532332: bpf_trace_printk: [udp_recvmsg] 53 -> 0 | 115557777139062 ns

 systemd-resolve-175269  [003] d...1 115566.532438: bpf_trace_printk: [udp_recvmsg] 53 -> 0 | 115557777248563 ns

 systemd-resolve-175269  [003] d...1 115566.577303: bpf_trace_printk: [udp_recvmsg] 59837 -> 53 | 115557822111910 ns

 systemd-resolve-175269  [003] d...1 115566.577378: bpf_trace_printk: [udp_recvmsg] 59837 -> 53 | 115557822190010 ns

 systemd-resolve-175269  [003] dN..1 115566.628486: bpf_trace_printk: [udp_recvmsg] 59837 -> 53 | 115557873050464 ns

 systemd-resolve-175269  [003] d...1 115566.628935: bpf_trace_printk: [udp_recvmsg] 59837 -> 53 | 115557873733464 ns

           <...>-788527  [002] d...1 115566.631644: bpf_trace_printk: [udp_recvmsg] 48595 -> 53 | 115557876441768 ns

             ssh-788592  [001] d.s11 115566.976762: bpf_trace_printk: [xdp] 46782 -> 22 | 115558221561632 ns

             ssh-788592  [001] dNs11 115566.976970: bpf_trace_printk: [xdp] 22 -> 46782 | 115558221767632 ns

             ssh-788592  [001] dNs11 115566.977047: bpf_trace_printk: [xdp] 46782 -> 22 | 115558221852433 ns

             ssh-788592  [001] d.s11 115566.990470: bpf_trace_printk: [xdp] 46782 -> 22 | 115558235277347 ns

             ssh-788592  [001] dNs11 115566.990580: bpf_trace_printk: [xdp] 22 -> 46782 | 115558235390147 ns

           <...>-788594  [003] d.s11 115567.003992: bpf_trace_printk: [xdp] 22 -> 46782 | 115558248798961 ns

           <...>-788594  [003] d.s11 115567.004127: bpf_trace_printk: [xdp] 46782 -> 22 | 115558248936561 ns

            sshd-788595  [001] d.s11 115567.008828: bpf_trace_printk: [xdp] 22 -> 46782 | 115558253636267 ns

            sshd-788595  [001] dNs11 115567.008924: bpf_trace_printk: [xdp] 46782 -> 22 | 115558253734767 ns

             ssh-788592  [001] d.s11 115567.009630: bpf_trace_printk: [xdp] 46782 -> 22 | 115558254439167 ns

          <idle>-0       [001] d.s.1 115567.051337: bpf_trace_printk: [xdp] 22 -> 46782 | 115558296144412 ns

          <idle>-0       [001] dNs.1 115567.051457: bpf_trace_printk: [xdp] 46782 -> 22 | 115558296269712 ns

          <idle>-0       [001] dNs.1 115567.051528: bpf_trace_printk: [xdp] 22 -> 46782 | 115558296340712 ns

            sshd-788595  [001] d.s11 115567.056372: bpf_trace_printk: [xdp] 22 -> 46782 | 115558301181617 ns

             ssh-788592  [001] d.s11 115567.058541: bpf_trace_printk: [xdp] 46782 -> 22 | 115558303353419 ns

     ksoftirqd/1-22      [001] d.s.1 115567.103937: bpf_trace_printk: [xdp] 22 -> 46782 | 115558348745767 ns

     ksoftirqd/1-22      [001] d.s.1 115567.104028: bpf_trace_printk: [xdp] 46782 -> 22 | 115558348839967 ns

     ksoftirqd/1-22      [001] d.s.1 115567.104064: bpf_trace_printk: [xdp] 22 -> 46782 | 115558348876467 ns

            sshd-788595  [001] d.s11 115567.104373: bpf_trace_printk: [xdp] 22 -> 46782 | 115558349184368 ns

             ssh-788592  [001] d.s11 115567.104777: bpf_trace_printk: [xdp] 46782 -> 22 | 115558349584968 ns

            sshd-788595  [001] d.s11 115567.111895: bpf_trace_printk: [xdp] 22 -> 46782 | 115558356703576 ns

             ssh-788592  [001] d.s11 115567.112804: bpf_trace_printk: [xdp] 46782 -> 22 | 115558357615277 ns

            sshd-788595  [001] d.s11 115567.117880: bpf_trace_printk: [xdp] 22 -> 46782 | 115558362688082 ns

             ssh-788592  [001] d.s11 115567.125223: bpf_trace_printk: [xdp] 46782 -> 22 | 115558370032290 ns

            sshd-788595  [001] d.s11 115567.134009: bpf_trace_printk: [xdp] 22 -> 46782 | 115558378804299 ns

             ssh-788592  [001] d.s11 115567.137623: bpf_trace_printk: [xdp] 46782 -> 22 | 115558382432903 ns

 C2 CompilerThre-788539  [001] d.s.1 115567.179553: bpf_trace_printk: [xdp] 22 -> 46782 | 115558424352147 ns

           <...>-788651  [002] d.s11 115567.598083: bpf_trace_printk: [xdp] 22 -> 46782 | 115558842893189 ns

     ksoftirqd/2-28      [002] d.s.1 115567.643538: bpf_trace_printk: [xdp] 46782 -> 22 | 115558888347536 ns

     ksoftirqd/2-28      [002] d.s.1 115567.643648: bpf_trace_printk: [xdp] 22 -> 46782 | 115558888458537 ns

     ksoftirqd/2-28      [002] d.s.1 115567.643696: bpf_trace_printk: [xdp] 46782 -> 22 | 115558888507636 ns

             ssh-788592  [003] d.s11 115567.644000: bpf_trace_printk: [xdp] 46782 -> 22 | 115558888809537 ns

             ssh-788592  [003] d.s11 115567.644153: bpf_trace_printk: [xdp] 22 -> 46782 | 115558888964037 ns

            sshd-788651  [002] d.s11 115567.645740: bpf_trace_printk: [xdp] 22 -> 46782 | 115558890550538 ns

 C2 CompilerThre-788539  [002] d.s.1 115567.687517: bpf_trace_printk: [xdp] 46782 -> 22 | 115558932325882 ns

            sshd-788651  [002] d.s11 115567.753288: bpf_trace_printk: [xdp] 22 -> 46782 | 115558998097551 ns

            sshd-788651  [002] d.s11 115567.753425: bpf_trace_printk: [xdp] 46782 -> 22 | 115558998237551 ns

            sshd-788651  [002] d.s11 115570.464480: bpf_trace_printk: [xdp] 22 -> 46782 | 115561709292339 ns

            sshd-788651  [002] d.s11 115570.464585: bpf_trace_printk: [xdp] 46782 -> 22 | 115561709399139 ns

            sshd-788651  [003] d.s11 115570.465985: bpf_trace_printk: [xdp] 22 -> 46782 | 115561710792941 ns

            sshd-788651  [003] d.s11 115570.466124: bpf_trace_printk: [xdp] 46782 -> 22 | 115561710937941 ns

             ssh-788592  [003] d.s11 115570.466808: bpf_trace_printk: [xdp] 46782 -> 22 | 115561711621042 ns

             ssh-788592  [003] d.s11 115570.466952: bpf_trace_printk: [xdp] 46782 -> 22 | 115561711766142 ns

             ssh-788592  [003] d.s11 115570.467105: bpf_trace_printk: [xdp] 46782 -> 22 | 115561711913642 ns

            sshd-788651  [003] d.s11 115570.469141: bpf_trace_printk: [xdp] 22 -> 46782 | 115561713934544 ns

            sshd-788594  [003] d.s11 115570.481138: bpf_trace_printk: [xdp] 22 -> 46782 | 115561725950956 ns

            sshd-788594  [003] dNs11 115570.481227: bpf_trace_printk: [xdp] 46782 -> 22 | 115561726040757 ns

 systemd-resolve-175269  [003] d...1 115570.832285: bpf_trace_printk: [udp_recvmsg] 53 -> 0 | 115562077092609 ns

 systemd-resolve-175269  [003] d...1 115570.832430: bpf_trace_printk: [udp_recvmsg] 53 -> 0 | 115562077242209 ns

 systemd-resolve-175269  [003] d...1 115570.878266: bpf_trace_printk: [udp_recvmsg] 60832 -> 53 | 115562123075255 ns

 systemd-resolve-175269  [003] d...1 115570.878391: bpf_trace_printk: [udp_recvmsg] 60832 -> 53 | 115562123202955 ns

 systemd-resolve-175269  [003] d...1 115570.909186: bpf_trace_printk: [udp_recvmsg] 60832 -> 53 | 115562153997786 ns

 systemd-resolve-175269  [003] d...1 115570.909270: bpf_trace_printk: [udp_recvmsg] 60832 -> 53 | 115562154077986 ns

            java-788696  [003] d...1 115570.909686: bpf_trace_printk: [udp_recvmsg] 60806 -> 53 | 115562154501086 ns

  rpc-client-1-1-788803  [001] d.s11 115573.732918: bpf_trace_printk: [xdp] 49464 -> 7077 | 115564977732063 ns

  rpc-client-1-1-788803  [001] dNs11 115573.733016: bpf_trace_printk: [xdp] 7077 -> 49464 | 115564977833463 ns

  rpc-client-1-1-788803  [001] dNs11 115573.733050: bpf_trace_printk: [xdp] 49464 -> 7077 | 115564977867563 ns

  rpc-client-1-1-788803  [001] d.s11 115573.830583: bpf_trace_printk: [xdp] 49464 -> 7077 | 115565075393357 ns

  rpc-client-1-1-788803  [001] dNs11 115573.830817: bpf_trace_printk: [xdp] 7077 -> 49464 | 115565075629457 ns

  rpc-client-1-1-788803  [001] d.s11 115573.832641: bpf_trace_printk: [xdp] 49464 -> 7077 | 115565077452759 ns

  rpc-client-1-1-788803  [001] dNs11 115573.832761: bpf_trace_printk: [xdp] 7077 -> 49464 | 115565077575259 ns

           <...>-788804  [003] d.s11 115573.996621: bpf_trace_printk: [xdp] 7077 -> 49464 | 115565241433116 ns

           <...>-788804  [003] d.s11 115573.996749: bpf_trace_printk: [xdp] 49464 -> 7077 | 115565241563717 ns

  rpc-server-4-1-788804  [003] d.s11 115573.997431: bpf_trace_printk: [xdp] 7077 -> 49464 | 115565242245717 ns

  rpc-server-4-1-788804  [003] d.s11 115573.997550: bpf_trace_printk: [xdp] 49464 -> 7077 | 115565242364917 ns

  rpc-client-1-1-788803  [001] d.s11 115574.066704: bpf_trace_printk: [xdp] 49464 -> 7077 | 115565311515383 ns

  rpc-client-1-1-788803  [001] d.s11 115574.066841: bpf_trace_printk: [xdp] 7077 -> 49464 | 115565311644784 ns

  rpc-client-1-1-788803  [001] d.s11 115574.066993: bpf_trace_printk: [xdp] 49464 -> 7077 | 115565311807784 ns

  rpc-client-1-1-788803  [001] d.s11 115574.067133: bpf_trace_printk: [xdp] 7077 -> 49464 | 115565311940884 ns

  rpc-server-4-1-788804  [002] d.s11 115574.120463: bpf_trace_printk: [xdp] 7077 -> 49464 | 115565365275035 ns

  rpc-server-4-1-788804  [002] dNs11 115574.120601: bpf_trace_printk: [xdp] 49464 -> 7077 | 115565365416935 ns

  rpc-server-4-1-788804  [002] d.s11 115574.121379: bpf_trace_printk: [xdp] 7077 -> 49464 | 115565366193136 ns

  rpc-server-4-1-788804  [002] dNs11 115574.121473: bpf_trace_printk: [xdp] 49464 -> 7077 | 115565366288336 ns

  rpc-client-1-1-788803  [001] d.s11 115574.215408: bpf_trace_printk: [xdp] 49464 -> 7077 | 115565460220626 ns

  rpc-client-1-1-788803  [001] d.s11 115574.215530: bpf_trace_printk: [xdp] 7077 -> 49464 | 115565460345026 ns

  rpc-client-1-1-788803  [001] d.s11 115574.215635: bpf_trace_printk: [xdp] 49464 -> 7077 | 115565460450026 ns

  rpc-client-1-1-788803  [001] d.s11 115574.215662: bpf_trace_printk: [xdp] 7077 -> 49464 | 115565460477326 ns

  rpc-client-1-1-788803  [001] d.s11 115574.224776: bpf_trace_printk: [xdp] 49464 -> 7077 | 115565469590335 ns

  rpc-client-1-1-788803  [001] dNs11 115574.224869: bpf_trace_printk: [xdp] 7077 -> 49464 | 115565469685635 ns

  rpc-client-1-1-788803  [001] d.s11 115574.225495: bpf_trace_printk: [xdp] 49464 -> 7077 | 115565470309636 ns

  rpc-client-1-1-788803  [001] dNs11 115574.225585: bpf_trace_printk: [xdp] 7077 -> 49464 | 115565470401636 ns

 systemd-resolve-175269  [003] d...1 115577.942292: bpf_trace_printk: [udp_recvmsg] 53 -> 0 | 115569187105698 ns

 systemd-resolve-175269  [003] d...1 115577.942401: bpf_trace_printk: [udp_recvmsg] 53 -> 0 | 115569187217798 ns

 systemd-resolve-175269  [003] d...1 115577.972882: bpf_trace_printk: [udp_recvmsg] 34402 -> 53 | 115569217695425 ns

 systemd-resolve-175269  [003] d...1 115577.973001: bpf_trace_printk: [udp_recvmsg] 34402 -> 53 | 115569217817625 ns

 systemd-resolve-175269  [003] d...1 115578.004227: bpf_trace_printk: [udp_recvmsg] 34402 -> 53 | 115569249042454 ns

 systemd-resolve-175269  [003] d...1 115578.004323: bpf_trace_printk: [udp_recvmsg] 34402 -> 53 | 115569249141854 ns

           <...>-788865  [002] d...1 115578.004870: bpf_trace_printk: [udp_recvmsg] 47572 -> 53 | 115569249686654 ns

           <...>-788959  [003] d.s11 115581.658414: bpf_trace_printk: [xdp] 60388 -> 7070 | 115572903222168 ns

           <...>-788959  [003] d.s11 115581.658619: bpf_trace_printk: [xdp] 7070 -> 60388 | 115572903410369 ns

  rpc-client-1-1-788803  [001] d.s11 115589.162592: bpf_trace_printk: [xdp] 49464 -> 7077 | 115580407413298 ns

  rpc-client-1-1-788803  [001] d.s11 115589.162749: bpf_trace_printk: [xdp] 7077 -> 49464 | 115580407572698 ns

  rpc-client-1-1-788803  [001] d.s11 115589.162982: bpf_trace_printk: [xdp] 49464 -> 7077 | 115580407805898 ns

  rpc-client-1-1-788803  [001] d.s11 115589.163118: bpf_trace_printk: [xdp] 7077 -> 49464 | 115580407923298 ns

           <...>-789048  [000] d.s11 115601.438947: bpf_trace_printk: [xdp] 48820 -> 7070 | 115592683769134 ns

           <...>-789048  [000] d.s11 115601.439115: bpf_trace_printk: [xdp] 7070 -> 48820 | 115592683934534 ns

  rpc-client-1-1-788803  [001] d.s11 115604.163952: bpf_trace_printk: [xdp] 49464 -> 7077 | 115595408469891 ns

  rpc-client-1-1-788803  [001] d.s11 115604.164236: bpf_trace_printk: [xdp] 7077 -> 49464 | 115595409053591 ns

  rpc-client-1-1-788803  [001] d.s11 115604.164508: bpf_trace_printk: [xdp] 49464 -> 7077 | 115595409322291 ns

  rpc-client-1-1-788803  [001] d.s11 115604.164587: bpf_trace_printk: [xdp] 7077 -> 49464 | 115595409401791 ns

  rpc-client-1-1-788803  [001] d.s11 115619.163215: bpf_trace_printk: [xdp] 49464 -> 7077 | 115610408037641 ns

  rpc-client-1-1-788803  [001] d.s11 115619.163424: bpf_trace_printk: [xdp] 7077 -> 49464 | 115610408246441 ns

     ksoftirqd/1-22      [001] d.s.1 115619.164077: bpf_trace_printk: [xdp] 49464 -> 7077 | 115610408903041 ns

     ksoftirqd/1-22      [001] d.s.1 115619.164373: bpf_trace_printk: [xdp] 7077 -> 49464 | 115610409199541 ns

           <...>-789149  [002] d.s11 115621.437294: bpf_trace_printk: [xdp] 57414 -> 7070 | 115612682116427 ns

           <...>-789149  [002] d.s11 115621.437441: bpf_trace_printk: [xdp] 7070 -> 57414 | 115612682266728 ns

  rpc-client-1-1-788803  [001] d.s11 115634.164112: bpf_trace_printk: [xdp] 49464 -> 7077 | 115625408933728 ns

  rpc-client-1-1-788803  [001] d.s11 115634.164318: bpf_trace_printk: [xdp] 7077 -> 49464 | 115625409143828 ns

  rpc-client-1-1-788803  [001] d.s11 115634.164510: bpf_trace_printk: [xdp] 49464 -> 7077 | 115625409336228 ns

  rpc-client-1-1-788803  [001] d.s11 115634.164655: bpf_trace_printk: [xdp] 7077 -> 49464 | 115625409482028 ns

  rpc-client-1-1-788803  [001] d.s11 115649.163937: bpf_trace_printk: [xdp] 49464 -> 7077 | 115640408748544 ns

  rpc-client-1-1-788803  [001] d.s11 115649.164199: bpf_trace_printk: [xdp] 7077 -> 49464 | 115640409014844 ns

  rpc-client-1-1-788803  [001] d.s11 115649.164422: bpf_trace_printk: [xdp] 49464 -> 7077 | 115640409235344 ns

  rpc-client-1-1-788803  [001] dNs11 115649.164676: bpf_trace_printk: [xdp] 7077 -> 49464 | 115640409492544 ns

  rpc-client-1-1-788803  [001] d.s11 115664.161916: bpf_trace_printk: [xdp] 49464 -> 7077 | 115655406734670 ns

  rpc-client-1-1-788803  [001] d.s11 115664.162045: bpf_trace_printk: [xdp] 7077 -> 49464 | 115655406866571 ns

  rpc-client-1-1-788803  [001] d.s11 115664.162158: bpf_trace_printk: [xdp] 49464 -> 7077 | 115655406980271 ns

  rpc-client-1-1-788803  [001] d.s11 115664.162181: bpf_trace_printk: [xdp] 7077 -> 49464 | 115655407004170 ns

